#
# A fatal error has been detected by the Java Runtime Environment:
#
#  EXCEPTION_ACCESS_VIOLATION (0xc0000005) at pc=0x00007ffe2d6e5d10, pid=20928, tid=24772
#
# JRE version: OpenJDK Runtime Environment Temurin-17.0.1+12 (17.0.1+12) (build 17.0.1+12)
# Java VM: OpenJDK 64-Bit Server VM Temurin-17.0.1+12 (17.0.1+12, mixed mode, tiered, compressed oops, compressed class ptrs, g1 gc, windows-amd64)
# Problematic frame:
# C  0x00007ffe2d6e5d10
#
# No core dump will be written. Minidumps are not enabled by default on client versions of Windows
#
# If you would like to submit a bug report, please visit:
#   https://github.com/adoptium/adoptium-support/issues
# The crash happened outside the Java Virtual Machine in native code.
# See problematic frame for where to report the bug.
#

---------------  S U M M A R Y ------------

Command Line: --module-path=C:\Users\jeffr\Downloads\openjfx-18_windows-x64_bin-sdk\javafx-sdk-18\lib --add-modules=javafx.controls,javafx.fxml -Dfile.encoding=Cp1252 -XX:+ShowCodeDetailsInExceptionMessages Main

Host: AMD Ryzen 7 3700X 8-Core Processor             , 16 cores, 15G,  Windows 10 , 64 bit Build 19041 (10.0.19041.1645)
Time: Mon May  2 22:04:44 2022 Central Daylight Time elapsed time: 11.387780 seconds (0d 0h 0m 11s)

---------------  T H R E A D  ---------------

Current thread (0x0000020a8ca149d0):  JavaThread "JavaFX Application Thread" [_thread_in_native, id=24772, stack(0x0000002feee00000,0x0000002feef00000)]

Stack: [0x0000002feee00000,0x0000002feef00000],  sp=0x0000002feeefc488,  free space=1009k
Native frames: (J=compiled Java code, j=interpreted, Vv=VM code, C=native code)
C  0x00007ffe2d6e5d10

Java frames: (J=compiled Java code, j=interpreted, Vv=VM code)
j  com.mathworks.mvm.MvmFactory.nativeStartMatlabForEngine([Ljava/lang/String;)J+0
j  com.mathworks.mvm.MvmFactory.createEngineFactory([Ljava/lang/String;)Lcom/mathworks/mvm/MvmFactory;+1
j  com.mathworks.engine.MatlabEngine.open()V+5
j  com.mathworks.engine.MatlabEngine.startMatlab()Lcom/mathworks/engine/MatlabEngine;+9
j  coffee.views.PlotCurveView.initGrid()V+1
j  coffee.views.PlotCurveView.<init>()V+5
j  coffee.views.ApplicationView.initViews()V+27
j  coffee.views.ApplicationView.<init>()V+17
j  coffee.presenters.CoffeePresenter$1.handle(Ljavafx/event/ActionEvent;)V+8
j  coffee.presenters.CoffeePresenter$1.handle(Ljavafx/event/Event;)V+5
j  com.sun.javafx.event.CompositeEventHandler.dispatchBubblingEvent(Ljavafx/event/Event;)V+51 javafx.base@18
J 1473 c1 com.sun.javafx.event.EventHandlerManager.dispatchBubblingEvent(Ljavafx/event/EventType;Ljavafx/event/Event;)Ljavafx/event/Event; javafx.base@18 (41 bytes) @ 0x0000020aef10472c [0x0000020aef104100+0x000000000000062c]
J 1570 c1 com.sun.javafx.event.EventHandlerManager.dispatchBubblingEvent(Ljavafx/event/Event;)Ljavafx/event/Event; javafx.base@18 (23 bytes) @ 0x0000020aef12cf14 [0x0000020aef12cdc0+0x0000000000000154]
J 1569 c1 com.sun.javafx.event.CompositeEventDispatcher.dispatchBubblingEvent(Ljavafx/event/Event;)Ljavafx/event/Event; javafx.base@18 (35 bytes) @ 0x0000020aef12c824 [0x0000020aef12c660+0x00000000000001c4]
J 1566 c1 com.sun.javafx.event.BasicEventDispatcher.dispatchEvent(Ljavafx/event/Event;Ljavafx/event/EventDispatchChain;)Ljavafx/event/Event; javafx.base@18 (44 bytes) @ 0x0000020aef12b94c [0x0000020aef12b600+0x000000000000034c]
J 1513 c1 com.sun.javafx.event.EventDispatchChainImpl.dispatchEvent(Ljavafx/event/Event;)Ljavafx/event/Event; javafx.base@18 (101 bytes) @ 0x0000020aef11bb84 [0x0000020aef11b9c0+0x00000000000001c4]
J 1566 c1 com.sun.javafx.event.BasicEventDispatcher.dispatchEvent(Ljavafx/event/Event;Ljavafx/event/EventDispatchChain;)Ljavafx/event/Event; javafx.base@18 (44 bytes) @ 0x0000020aef12b85c [0x0000020aef12b600+0x000000000000025c]
J 1513 c1 com.sun.javafx.event.EventDispatchChainImpl.dispatchEvent(Ljavafx/event/Event;)Ljavafx/event/Event; javafx.base@18 (101 bytes) @ 0x0000020aef11bb84 [0x0000020aef11b9c0+0x00000000000001c4]
J 1566 c1 com.sun.javafx.event.BasicEventDispatcher.dispatchEvent(Ljavafx/event/Event;Ljavafx/event/EventDispatchChain;)Ljavafx/event/Event; javafx.base@18 (44 bytes) @ 0x0000020aef12b85c [0x0000020aef12b600+0x000000000000025c]
J 1513 c1 com.sun.javafx.event.EventDispatchChainImpl.dispatchEvent(Ljavafx/event/Event;)Ljavafx/event/Event; javafx.base@18 (101 bytes) @ 0x0000020aef11bb84 [0x0000020aef11b9c0+0x00000000000001c4]
J 1638 c1 com.sun.javafx.event.EventUtil.fireEvent(Ljavafx/event/EventTarget;Ljavafx/event/Event;)Ljavafx/event/Event; javafx.base@18 (81 bytes) @ 0x0000020aef14ffe4 [0x0000020aef14f2a0+0x0000000000000d44]
J 1637 c1 javafx.event.Event.fireEvent(Ljavafx/event/EventTarget;Ljavafx/event/Event;)V javafx.base@18 (35 bytes) @ 0x0000020aef14c124 [0x0000020aef14c060+0x00000000000000c4]
j  javafx.scene.Node.fireEvent(Ljavafx/event/Event;)V+86 javafx.graphics@18
j  javafx.scene.control.Button.fire()V+15 javafx.controls@18
j  com.sun.javafx.scene.control.behavior.ButtonBehavior.mouseReleased(Ljavafx/scene/input/MouseEvent;)V+27 javafx.controls@18
j  com.sun.javafx.scene.control.behavior.ButtonBehavior$$Lambda$201+0x0000000800213768.handle(Ljavafx/event/Event;)V+8 javafx.controls@18
j  com.sun.javafx.scene.control.inputmap.InputMap.handle(Ljavafx/event/Event;)V+61 javafx.controls@18
j  com.sun.javafx.scene.control.inputmap.InputMap$$Lambda$196+0x0000000800212a98.handle(Ljavafx/event/Event;)V+5 javafx.controls@18
j  com.sun.javafx.event.CompositeEventHandler$NormalEventHandlerRecord.handleBubblingEvent(Ljavafx/event/Event;)V+5 javafx.base@18
j  com.sun.javafx.event.CompositeEventHandler.dispatchBubblingEvent(Ljavafx/event/Event;)V+28 javafx.base@18
J 1473 c1 com.sun.javafx.event.EventHandlerManager.dispatchBubblingEvent(Ljavafx/event/EventType;Ljavafx/event/Event;)Ljavafx/event/Event; javafx.base@18 (41 bytes) @ 0x0000020aef10472c [0x0000020aef104100+0x000000000000062c]
J 1570 c1 com.sun.javafx.event.EventHandlerManager.dispatchBubblingEvent(Ljavafx/event/Event;)Ljavafx/event/Event; javafx.base@18 (23 bytes) @ 0x0000020aef12cf14 [0x0000020aef12cdc0+0x0000000000000154]
J 1569 c1 com.sun.javafx.event.CompositeEventDispatcher.dispatchBubblingEvent(Ljavafx/event/Event;)Ljavafx/event/Event; javafx.base@18 (35 bytes) @ 0x0000020aef12c824 [0x0000020aef12c660+0x00000000000001c4]
J 1566 c1 com.sun.javafx.event.BasicEventDispatcher.dispatchEvent(Ljavafx/event/Event;Ljavafx/event/EventDispatchChain;)Ljavafx/event/Event; javafx.base@18 (44 bytes) @ 0x0000020aef12b94c [0x0000020aef12b600+0x000000000000034c]
J 1513 c1 com.sun.javafx.event.EventDispatchChainImpl.dispatchEvent(Ljavafx/event/Event;)Ljavafx/event/Event; javafx.base@18 (101 bytes) @ 0x0000020aef11bb84 [0x0000020aef11b9c0+0x00000000000001c4]
J 1566 c1 com.sun.javafx.event.BasicEventDispatcher.dispatchEvent(Ljavafx/event/Event;Ljavafx/event/EventDispatchChain;)Ljavafx/event/Event; javafx.base@18 (44 bytes) @ 0x0000020aef12b85c [0x0000020aef12b600+0x000000000000025c]
J 1513 c1 com.sun.javafx.event.EventDispatchChainImpl.dispatchEvent(Ljavafx/event/Event;)Ljavafx/event/Event; javafx.base@18 (101 bytes) @ 0x0000020aef11bb84 [0x0000020aef11b9c0+0x00000000000001c4]
J 1566 c1 com.sun.javafx.event.BasicEventDispatcher.dispatchEvent(Ljavafx/event/Event;Ljavafx/event/EventDispatchChain;)Ljavafx/event/Event; javafx.base@18 (44 bytes) @ 0x0000020aef12b85c [0x0000020aef12b600+0x000000000000025c]
J 1513 c1 com.sun.javafx.event.EventDispatchChainImpl.dispatchEvent(Ljavafx/event/Event;)Ljavafx/event/Event; javafx.base@18 (101 bytes) @ 0x0000020aef11bb84 [0x0000020aef11b9c0+0x00000000000001c4]
J 1638 c1 com.sun.javafx.event.EventUtil.fireEvent(Ljavafx/event/EventTarget;Ljavafx/event/Event;)Ljavafx/event/Event; javafx.base@18 (81 bytes) @ 0x0000020aef14fc24 [0x0000020aef14f2a0+0x0000000000000984]
J 1637 c1 javafx.event.Event.fireEvent(Ljavafx/event/EventTarget;Ljavafx/event/Event;)V javafx.base@18 (35 bytes) @ 0x0000020aef14c124 [0x0000020aef14c060+0x00000000000000c4]
j  javafx.scene.Scene$MouseHandler.process(Ljavafx/scene/input/MouseEvent;Z)V+536 javafx.graphics@18
J 1696 c1 javafx.scene.Scene$ScenePeerListener.mouseEvent(Ljavafx/event/EventType;DDDDLjavafx/scene/input/MouseButton;ZZZZZZZZZZZ)V javafx.graphics@18 (54 bytes) @ 0x0000020aef17a8dc [0x0000020aef17a640+0x000000000000029c]
J 1672 c1 com.sun.javafx.tk.quantum.GlassViewEventHandler$MouseEventNotification.run()Ljava/lang/Void; javafx.graphics@18 (703 bytes) @ 0x0000020aef16ea9c [0x0000020aef16da60+0x000000000000103c]
J 1669 c1 com.sun.javafx.tk.quantum.GlassViewEventHandler$$Lambda$219+0x00000008002212a0.get()Ljava/lang/Object; javafx.graphics@18 (8 bytes) @ 0x0000020aef168e0c [0x0000020aef168b40+0x00000000000002cc]
J 1619 c1 com.sun.javafx.tk.quantum.QuantumToolkit.runWithoutRenderLock(Ljava/util/function/Supplier;)Ljava/lang/Object; javafx.graphics@18 (49 bytes) @ 0x0000020aef13fd64 [0x0000020aef13f860+0x0000000000000504]
J 1667 c1 com.sun.javafx.tk.quantum.GlassViewEventHandler.handleMouseEvent(Lcom/sun/glass/ui/View;JIIIIIIIZZ)V javafx.graphics@18 (108 bytes) @ 0x0000020aef168084 [0x0000020aef167c20+0x0000000000000464]
J 1666 c1 com.sun.glass.ui.View.handleMouseEvent(JIIIIIIIZZ)V javafx.graphics@18 (34 bytes) @ 0x0000020aef167414 [0x0000020aef167240+0x00000000000001d4]
J 1664 c1 com.sun.glass.ui.View.notifyMouse(IIIIIIIZZ)V javafx.graphics@18 (221 bytes) @ 0x0000020aef16b49c [0x0000020aef16a680+0x0000000000000e1c]
v  ~StubRoutines::call_stub
j  com.sun.glass.ui.win.WinApplication._runLoop(Ljava/lang/Runnable;)V+0 javafx.graphics@18
j  com.sun.glass.ui.win.WinApplication.lambda$runLoop$3(ILjava/lang/Runnable;)V+8 javafx.graphics@18
j  com.sun.glass.ui.win.WinApplication$$Lambda$85+0x00000008000eb1d8.run()V+12 javafx.graphics@18
j  java.lang.Thread.run()V+11 java.base@17.0.1
v  ~StubRoutines::call_stub

siginfo: EXCEPTION_ACCESS_VIOLATION (0xc0000005), reading address 0x00000000000000c0


Register to memory mapping:

RIP=0x00007ffe2d6e5d10 points into unknown readable memory: 0x48000000c0818b48 | 48 8b 81 c0 00 00 00 48
RAX=0x0000002feeefc4e8 is pointing into the stack for thread: 0x0000020a8ca149d0
RBX=0x0000020ae95f0fe0 points into unknown readable memory: 0x00007ffe2aae68d8 | d8 68 ae 2a fe 7f 00 00
RCX=0x0 is NULL
RDX=0x0000002feeefc530 is pointing into the stack for thread: 0x0000020a8ca149d0
RSP=0x0000002feeefc488 is pointing into the stack for thread: 0x0000020a8ca149d0
RBP=0x0000002feeefcae1 is pointing into the stack for thread: 0x0000020a8ca149d0
RSI=0x0000000000000001 is an unknown value
RDI=0x0 is NULL
R8 =0x0000020a8d458c90 points into unknown readable memory: 0x00007ffe2aae68c8 | c8 68 ae 2a fe 7f 00 00
R9 =0x0000000000000003 is an unknown value
R10=0x00007ffe2d5bc740 points into unknown readable memory: 0x656c694664616552 | 52 65 61 64 46 69 6c 65
R11=0x0000002feeefc400 is pointing into the stack for thread: 0x0000020a8ca149d0
R12=0x0 is NULL
R13=0x0000020ae95f0fe0 points into unknown readable memory: 0x00007ffe2aae68d8 | d8 68 ae 2a fe 7f 00 00
R14=0x0 is NULL
R15=0x0000002feeefc7e0 is pointing into the stack for thread: 0x0000020a8ca149d0


Registers:
RAX=0x0000002feeefc4e8, RBX=0x0000020ae95f0fe0, RCX=0x0000000000000000, RDX=0x0000002feeefc530
RSP=0x0000002feeefc488, RBP=0x0000002feeefcae1, RSI=0x0000000000000001, RDI=0x0000000000000000
R8 =0x0000020a8d458c90, R9 =0x0000000000000003, R10=0x00007ffe2d5bc740, R11=0x0000002feeefc400
R12=0x0000000000000000, R13=0x0000020ae95f0fe0, R14=0x0000000000000000, R15=0x0000002feeefc7e0
RIP=0x00007ffe2d6e5d10, EFLAGS=0x0000000000010202

Top of Stack: (sp=0x0000002feeefc488)
0x0000002feeefc488:   00007ffe2a98a6d6 0000020ae95f0fe0
0x0000002feeefc498:   0000000000000001 0000000000000100
0x0000002feeefc4a8:   0000020a8da2ddb0 0000000000000000
0x0000002feeefc4b8:   000000000000000f 0000020ae95f0100
0x0000002feeefc4c8:   0000020a8d95ea10 0000000000000000
0x0000002feeefc4d8:   000000000000000f 0000000000000000
0x0000002feeefc4e8:   0000000000000000 0000000000000000
0x0000002feeefc4f8:   0000000000000000 000000000000000f
0x0000002feeefc508:   0000020ae95f0100 0000020a8d95ea10
0x0000002feeefc518:   fffffffffffffffe 000000000000000f
0x0000002feeefc528:   0000002feeefc500 0000000000000000
0x0000002feeefc538:   0000000000000000 0000000000000001
0x0000002feeefc548:   0000000000000000 0000000000000000
0x0000002feeefc558:   0000000000000000 0000000000000000
0x0000002feeefc568:   00007ffe2a98bbba 0000020ae95f0fe0
0x0000002feeefc578:   0000002feeefcae1 0000000000000001 

Instructions: (pc=0x00007ffe2d6e5d10)
0x00007ffe2d6e5c10:   8b c8 48 8b 00 80 78 19 00 74 e8 49 3b c9 74 0d
0x00007ffe2d6e5c20:   4c 3b 41 20 72 07 48 89 0a 48 8b c2 c3 4c 89 0a
0x00007ffe2d6e5c30:   48 8b c2 c3 cc cc cc cc cc cc cc cc cc cc cc cc
0x00007ffe2d6e5c40:   48 83 ec 28 ff 15 7e 7b 19 00 48 85 c0 74 09 48
0x00007ffe2d6e5c50:   83 c0 f8 48 83 c4 28 c3 48 83 c4 28 c3 cc cc cc
0x00007ffe2d6e5c60:   48 83 ec 28 ff 15 8e 7b 19 00 48 85 c0 74 09 48
0x00007ffe2d6e5c70:   83 c0 f8 48 83 c4 28 c3 48 83 c4 28 c3 cc cc cc
0x00007ffe2d6e5c80:   48 83 ec 28 ff 15 46 7b 19 00 48 85 c0 74 09 48
0x00007ffe2d6e5c90:   83 c0 f8 48 83 c4 28 c3 48 83 c4 28 c3 cc cc cc
0x00007ffe2d6e5ca0:   48 83 ec 28 ff 15 36 7b 19 00 48 85 c0 74 09 48
0x00007ffe2d6e5cb0:   83 c0 f8 48 83 c4 28 c3 48 83 c4 28 c3 cc cc cc
0x00007ffe2d6e5cc0:   48 8b 01 c3 cc cc cc cc cc cc cc cc cc cc cc cc
0x00007ffe2d6e5cd0:   48 8b 01 c3 cc cc cc cc cc cc cc cc cc cc cc cc
0x00007ffe2d6e5ce0:   48 8b 01 c3 cc cc cc cc cc cc cc cc cc cc cc cc
0x00007ffe2d6e5cf0:   48 8d 41 58 c3 cc cc cc cc cc cc cc cc cc cc cc
0x00007ffe2d6e5d00:   48 8b c1 c3 cc cc cc cc cc cc cc cc cc cc cc cc
0x00007ffe2d6e5d10:   48 8b 81 c0 00 00 00 48 89 02 4c 8b 81 c8 00 00
0x00007ffe2d6e5d20:   00 4c 89 42 08 4d 85 c0 74 0b b8 01 00 00 00 f0
0x00007ffe2d6e5d30:   41 0f c1 40 08 48 8b c2 c3 cc cc cc cc cc cc cc
0x00007ffe2d6e5d40:   48 8d 41 10 c3 cc cc cc cc cc cc cc cc cc cc cc
0x00007ffe2d6e5d50:   0f b6 81 a0 00 00 00 c3 cc cc cc cc cc cc cc cc
0x00007ffe2d6e5d60:   48 8d 41 08 c3 cc cc cc cc cc cc cc cc cc cc cc
0x00007ffe2d6e5d70:   8b 81 d0 00 00 00 c3 cc cc cc cc cc cc cc cc cc
0x00007ffe2d6e5d80:   e9 0b 02 00 00 cc cc cc cc cc cc cc cc cc cc cc
0x00007ffe2d6e5d90:   e9 7b 02 00 00 cc cc cc cc cc cc cc cc cc cc cc
0x00007ffe2d6e5da0:   e9 eb 02 00 00 cc cc cc cc cc cc cc cc cc cc cc
0x00007ffe2d6e5db0:   e9 5b 03 00 00 cc cc cc cc cc cc cc cc cc cc cc
0x00007ffe2d6e5dc0:   e9 cb 03 00 00 cc cc cc cc cc cc cc cc cc cc cc
0x00007ffe2d6e5dd0:   e9 7b 04 00 00 cc cc cc cc cc cc cc cc cc cc cc
0x00007ffe2d6e5de0:   e9 3b 05 00 00 cc cc cc cc cc cc cc cc cc cc cc
0x00007ffe2d6e5df0:   e9 eb 05 00 00 cc cc cc cc cc cc cc cc cc cc cc
0x00007ffe2d6e5e00:   e9 7b 06 00 00 cc cc cc cc cc cc cc cc cc cc cc 


Stack slot to memory mapping:
stack at sp + 0 slots: 0x00007ffe2a98a6d6 points into unknown readable memory: 48 8b
stack at sp + 1 slots: 0x0000020ae95f0fe0 points into unknown readable memory: 0x00007ffe2aae68d8 | d8 68 ae 2a fe 7f 00 00
stack at sp + 2 slots: 0x0000000000000001 is an unknown value
stack at sp + 3 slots: 0x0000000000000100 is an unknown value
stack at sp + 4 slots: 0x0000020a8da2ddb0 points into unknown readable memory: 0x0000020a8ca41d10 | 10 1d a4 8c 0a 02 00 00
stack at sp + 5 slots: 0x0 is NULL
stack at sp + 6 slots: 0x000000000000000f is an unknown value
stack at sp + 7 slots: 0x0000020ae95f0100 points into unknown readable memory: 0x000000000000001f | 1f 00 00 00 00 00 00 00


---------------  P R O C E S S  ---------------

Threads class SMR info:
_java_thread_list=0x0000020a8d35f280, length=20, elements={
0x0000020ae98c0340, 0x0000020a8b814bf0, 0x0000020a8b815a60, 0x0000020a8b87cdf0,
0x0000020a8b880ad0, 0x0000020a8b886040, 0x0000020a8b8881a0, 0x0000020a8b88def0,
0x0000020a8b88f130, 0x0000020a8b89a300, 0x0000020a8b964de0, 0x0000020a8c2ecc10,
0x0000020a8c4703b0, 0x0000020a8cd48f20, 0x0000020a8ca149d0, 0x0000020a8cbd5910,
0x0000020a8cb9f410, 0x0000020a8d2cfa90, 0x0000020a8d2d12a0, 0x0000020a8d2d25e0
}

Java Threads: ( => current thread )
  0x0000020ae98c0340 JavaThread "main" [_thread_blocked, id=13072, stack(0x0000002fed000000,0x0000002fed100000)]
  0x0000020a8b814bf0 JavaThread "Reference Handler" daemon [_thread_blocked, id=17068, stack(0x0000002fed700000,0x0000002fed800000)]
  0x0000020a8b815a60 JavaThread "Finalizer" daemon [_thread_blocked, id=21180, stack(0x0000002fed800000,0x0000002fed900000)]
  0x0000020a8b87cdf0 JavaThread "Signal Dispatcher" daemon [_thread_blocked, id=19728, stack(0x0000002fed900000,0x0000002feda00000)]
  0x0000020a8b880ad0 JavaThread "Attach Listener" daemon [_thread_blocked, id=26684, stack(0x0000002feda00000,0x0000002fedb00000)]
  0x0000020a8b886040 JavaThread "Service Thread" daemon [_thread_blocked, id=9508, stack(0x0000002fedb00000,0x0000002fedc00000)]
  0x0000020a8b8881a0 JavaThread "Monitor Deflation Thread" daemon [_thread_blocked, id=24780, stack(0x0000002fedc00000,0x0000002fedd00000)]
  0x0000020a8b88def0 JavaThread "C2 CompilerThread0" daemon [_thread_blocked, id=18100, stack(0x0000002fedd00000,0x0000002fede00000)]
  0x0000020a8b88f130 JavaThread "C1 CompilerThread0" daemon [_thread_blocked, id=15944, stack(0x0000002fede00000,0x0000002fedf00000)]
  0x0000020a8b89a300 JavaThread "Sweeper thread" daemon [_thread_blocked, id=18572, stack(0x0000002fedf00000,0x0000002fee000000)]
  0x0000020a8b964de0 JavaThread "Common-Cleaner" daemon [_thread_blocked, id=2656, stack(0x0000002fee000000,0x0000002fee100000)]
  0x0000020a8c2ecc10 JavaThread "Notification Thread" daemon [_thread_blocked, id=10592, stack(0x0000002fee900000,0x0000002feea00000)]
  0x0000020a8c4703b0 JavaThread "QuantumRenderer-0" daemon [_thread_blocked, id=21636, stack(0x0000002feeb00000,0x0000002feec00000)]
  0x0000020a8cd48f20 JavaThread "InvokeLaterDispatcher" daemon [_thread_blocked, id=12132, stack(0x0000002feed00000,0x0000002feee00000)]
=>0x0000020a8ca149d0 JavaThread "JavaFX Application Thread" [_thread_in_native, id=24772, stack(0x0000002feee00000,0x0000002feef00000)]
  0x0000020a8cbd5910 JavaThread "JavaFX-Launcher" [_thread_blocked, id=18080, stack(0x0000002fee700000,0x0000002fee800000)]
  0x0000020a8cb9f410 JavaThread "Thread-2" daemon [_thread_in_native, id=27224, stack(0x0000002fee600000,0x0000002fee700000)]
  0x0000020a8d2cfa90 JavaThread "Prism Font Disposer" daemon [_thread_blocked, id=26400, stack(0x0000002fef700000,0x0000002fef800000)]
  0x0000020a8d2d12a0 JavaThread "Cleaner-0" daemon [_thread_blocked, id=22208, stack(0x0000002fef820000,0x0000002fef920000)]
  0x0000020a8d2d25e0 JavaThread "EventMgr Dispatcher" daemon [_thread_in_native, id=21852, stack(0x0000002fee400000,0x0000002fee500000)]

Other Threads:
  0x0000020a8b811bc0 VMThread "VM Thread" [stack: 0x0000002fed600000,0x0000002fed700000] [id=17784]
  0x0000020a8c4d97b0 WatcherThread [stack: 0x0000002feea00000,0x0000002feeb00000] [id=10912]
  0x0000020ae9913b00 GCTaskThread "GC Thread#0" [stack: 0x0000002fed100000,0x0000002fed200000] [id=26536]
  0x0000020a8d0ed580 GCTaskThread "GC Thread#1" [stack: 0x0000002fee800000,0x0000002fee900000] [id=12100]
  0x0000020a8cdfa800 GCTaskThread "GC Thread#2" [stack: 0x0000002fef000000,0x0000002fef100000] [id=24464]
  0x0000020a8cdfaab0 GCTaskThread "GC Thread#3" [stack: 0x0000002fef100000,0x0000002fef200000] [id=27412]
  0x0000020a8d0f2570 GCTaskThread "GC Thread#4" [stack: 0x0000002fef200000,0x0000002fef300000] [id=24164]
  0x0000020a8d0f2c20 GCTaskThread "GC Thread#5" [stack: 0x0000002fef300000,0x0000002fef400000] [id=15844]
  0x0000020ae9926130 ConcurrentGCThread "G1 Main Marker" [stack: 0x0000002fed200000,0x0000002fed300000] [id=18464]
  0x0000020ae9926b40 ConcurrentGCThread "G1 Conc#0" [stack: 0x0000002fed300000,0x0000002fed400000] [id=26496]
  0x0000020ae998cc80 ConcurrentGCThread "G1 Refine#0" [stack: 0x0000002fed400000,0x0000002fed500000] [id=4776]
  0x0000020a8ae14c20 ConcurrentGCThread "G1 Service" [stack: 0x0000002fed500000,0x0000002fed600000] [id=22588]

Threads with active compile tasks:

VM state: not at safepoint (normal execution)

VM Mutex/Monitor currently owned by a thread: None

Heap address: 0x0000000700c00000, size: 4084 MB, Compressed Oops mode: Zero based, Oop shift amount: 3

CDS archive(s) not mapped
Compressed class space mapped at: 0x0000000800000000-0x0000000840000000, reserved size: 1073741824
Narrow klass base: 0x0000000800000000, Narrow klass shift: 0, Narrow klass range: 0x40000000

GC Precious Log:
 CPUs: 16 total, 16 available
 Memory: 16328M
 Large Page Support: Disabled
 NUMA Support: Disabled
 Compressed Oops: Enabled (Zero based)
 Heap Region Size: 2M
 Heap Min Capacity: 8M
 Heap Initial Capacity: 256M
 Heap Max Capacity: 4084M
 Pre-touch: Disabled
 Parallel Workers: 13
 Concurrent Workers: 3
 Concurrent Refinement Workers: 13
 Periodic GC: Disabled

Heap:
 garbage-first heap   total 262144K, used 49575K [0x0000000700c00000, 0x0000000800000000)
  region size 2048K, 16 young (32768K), 2 survivors (4096K)
 Metaspace       used 18857K, committed 19136K, reserved 1073152K
  class space    used 2301K, committed 2432K, reserved 1048576K

Heap Regions: E=young(eden), S=young(survivor), O=old, HS=humongous(starts), HC=humongous(continues), CS=collection set, F=free, OA=open archive, CA=closed archive, TAMS=top-at-mark-start (previous, next)
|   0|0x0000000700c00000, 0x0000000700e00000, 0x0000000700e00000|100%|HS|  |TAMS 0x0000000700c00000, 0x0000000700c00000| Complete 
|   1|0x0000000700e00000, 0x0000000701000000, 0x0000000701000000|100%|HC|  |TAMS 0x0000000700e00000, 0x0000000700e00000| Complete 
|   2|0x0000000701000000, 0x0000000701200000, 0x0000000701200000|100%|HC|  |TAMS 0x0000000701000000, 0x0000000701000000| Complete 
|   3|0x0000000701200000, 0x0000000701400000, 0x0000000701400000|100%|HC|  |TAMS 0x0000000701200000, 0x0000000701200000| Complete 
|   4|0x0000000701400000, 0x0000000701600000, 0x0000000701600000|100%|HC|  |TAMS 0x0000000701400000, 0x0000000701400000| Complete 
|   5|0x0000000701600000, 0x0000000701800000, 0x0000000701800000|100%|HC|  |TAMS 0x0000000701600000, 0x0000000701600000| Complete 
|   6|0x0000000701800000, 0x0000000701a00000, 0x0000000701a00000|100%|HC|  |TAMS 0x0000000701800000, 0x0000000701800000| Complete 
|   7|0x0000000701a00000, 0x0000000701c00000, 0x0000000701c00000|100%|HC|  |TAMS 0x0000000701a00000, 0x0000000701a00000| Complete 
|   8|0x0000000701c00000, 0x0000000701e00000, 0x0000000701e00000|100%|HC|  |TAMS 0x0000000701c00000, 0x0000000701c00000| Complete 
|   9|0x0000000701e00000, 0x0000000702000000, 0x0000000702000000|100%|HS|  |TAMS 0x0000000701e00000, 0x0000000701e00000| Complete 
|  10|0x0000000702000000, 0x0000000702000000, 0x0000000702200000|  0%| F|  |TAMS 0x0000000702000000, 0x0000000702000000| Untracked 
|  11|0x0000000702200000, 0x0000000702200000, 0x0000000702400000|  0%| F|  |TAMS 0x0000000702200000, 0x0000000702200000| Untracked 
|  12|0x0000000702400000, 0x0000000702400000, 0x0000000702600000|  0%| F|  |TAMS 0x0000000702400000, 0x0000000702400000| Untracked 
|  13|0x0000000702600000, 0x0000000702600000, 0x0000000702800000|  0%| F|  |TAMS 0x0000000702600000, 0x0000000702600000| Untracked 
|  14|0x0000000702800000, 0x0000000702800000, 0x0000000702a00000|  0%| F|  |TAMS 0x0000000702800000, 0x0000000702800000| Untracked 
|  15|0x0000000702a00000, 0x0000000702a00000, 0x0000000702c00000|  0%| F|  |TAMS 0x0000000702a00000, 0x0000000702a00000| Untracked 
|  16|0x0000000702c00000, 0x0000000702c00000, 0x0000000702e00000|  0%| F|  |TAMS 0x0000000702c00000, 0x0000000702c00000| Untracked 
|  17|0x0000000702e00000, 0x0000000702e00000, 0x0000000703000000|  0%| F|  |TAMS 0x0000000702e00000, 0x0000000702e00000| Untracked 
|  18|0x0000000703000000, 0x0000000703000000, 0x0000000703200000|  0%| F|  |TAMS 0x0000000703000000, 0x0000000703000000| Untracked 
|  19|0x0000000703200000, 0x0000000703200000, 0x0000000703400000|  0%| F|  |TAMS 0x0000000703200000, 0x0000000703200000| Untracked 
|  20|0x0000000703400000, 0x0000000703400000, 0x0000000703600000|  0%| F|  |TAMS 0x0000000703400000, 0x0000000703400000| Untracked 
|  21|0x0000000703600000, 0x0000000703600000, 0x0000000703800000|  0%| F|  |TAMS 0x0000000703600000, 0x0000000703600000| Untracked 
|  22|0x0000000703800000, 0x0000000703800000, 0x0000000703a00000|  0%| F|  |TAMS 0x0000000703800000, 0x0000000703800000| Untracked 
|  23|0x0000000703a00000, 0x0000000703a00000, 0x0000000703c00000|  0%| F|  |TAMS 0x0000000703a00000, 0x0000000703a00000| Untracked 
|  24|0x0000000703c00000, 0x0000000703c00000, 0x0000000703e00000|  0%| F|  |TAMS 0x0000000703c00000, 0x0000000703c00000| Untracked 
|  25|0x0000000703e00000, 0x0000000703e00000, 0x0000000704000000|  0%| F|  |TAMS 0x0000000703e00000, 0x0000000703e00000| Untracked 
|  26|0x0000000704000000, 0x0000000704000000, 0x0000000704200000|  0%| F|  |TAMS 0x0000000704000000, 0x0000000704000000| Untracked 
|  27|0x0000000704200000, 0x0000000704200000, 0x0000000704400000|  0%| F|  |TAMS 0x0000000704200000, 0x0000000704200000| Untracked 
|  28|0x0000000704400000, 0x0000000704400000, 0x0000000704600000|  0%| F|  |TAMS 0x0000000704400000, 0x0000000704400000| Untracked 
|  29|0x0000000704600000, 0x0000000704600000, 0x0000000704800000|  0%| F|  |TAMS 0x0000000704600000, 0x0000000704600000| Untracked 
|  30|0x0000000704800000, 0x0000000704800000, 0x0000000704a00000|  0%| F|  |TAMS 0x0000000704800000, 0x0000000704800000| Untracked 
|  31|0x0000000704a00000, 0x0000000704a00000, 0x0000000704c00000|  0%| F|  |TAMS 0x0000000704a00000, 0x0000000704a00000| Untracked 
|  32|0x0000000704c00000, 0x0000000704c00000, 0x0000000704e00000|  0%| F|  |TAMS 0x0000000704c00000, 0x0000000704c00000| Untracked 
|  33|0x0000000704e00000, 0x0000000704e00000, 0x0000000705000000|  0%| F|  |TAMS 0x0000000704e00000, 0x0000000704e00000| Untracked 
|  34|0x0000000705000000, 0x0000000705000000, 0x0000000705200000|  0%| F|  |TAMS 0x0000000705000000, 0x0000000705000000| Untracked 
|  35|0x0000000705200000, 0x0000000705200000, 0x0000000705400000|  0%| F|  |TAMS 0x0000000705200000, 0x0000000705200000| Untracked 
|  36|0x0000000705400000, 0x0000000705400000, 0x0000000705600000|  0%| F|  |TAMS 0x0000000705400000, 0x0000000705400000| Untracked 
|  37|0x0000000705600000, 0x0000000705600000, 0x0000000705800000|  0%| F|  |TAMS 0x0000000705600000, 0x0000000705600000| Untracked 
|  38|0x0000000705800000, 0x0000000705800000, 0x0000000705a00000|  0%| F|  |TAMS 0x0000000705800000, 0x0000000705800000| Untracked 
|  39|0x0000000705a00000, 0x0000000705a00000, 0x0000000705c00000|  0%| F|  |TAMS 0x0000000705a00000, 0x0000000705a00000| Untracked 
|  40|0x0000000705c00000, 0x0000000705c00000, 0x0000000705e00000|  0%| F|  |TAMS 0x0000000705c00000, 0x0000000705c00000| Untracked 
|  41|0x0000000705e00000, 0x0000000705e00000, 0x0000000706000000|  0%| F|  |TAMS 0x0000000705e00000, 0x0000000705e00000| Untracked 
|  42|0x0000000706000000, 0x0000000706000000, 0x0000000706200000|  0%| F|  |TAMS 0x0000000706000000, 0x0000000706000000| Untracked 
|  43|0x0000000706200000, 0x0000000706200000, 0x0000000706400000|  0%| F|  |TAMS 0x0000000706200000, 0x0000000706200000| Untracked 
|  44|0x0000000706400000, 0x0000000706400000, 0x0000000706600000|  0%| F|  |TAMS 0x0000000706400000, 0x0000000706400000| Untracked 
|  45|0x0000000706600000, 0x0000000706600000, 0x0000000706800000|  0%| F|  |TAMS 0x0000000706600000, 0x0000000706600000| Untracked 
|  46|0x0000000706800000, 0x0000000706800000, 0x0000000706a00000|  0%| F|  |TAMS 0x0000000706800000, 0x0000000706800000| Untracked 
|  47|0x0000000706a00000, 0x0000000706a00000, 0x0000000706c00000|  0%| F|  |TAMS 0x0000000706a00000, 0x0000000706a00000| Untracked 
|  48|0x0000000706c00000, 0x0000000706c00000, 0x0000000706e00000|  0%| F|  |TAMS 0x0000000706c00000, 0x0000000706c00000| Untracked 
|  49|0x0000000706e00000, 0x0000000706e00000, 0x0000000707000000|  0%| F|  |TAMS 0x0000000706e00000, 0x0000000706e00000| Untracked 
|  50|0x0000000707000000, 0x0000000707000000, 0x0000000707200000|  0%| F|  |TAMS 0x0000000707000000, 0x0000000707000000| Untracked 
|  51|0x0000000707200000, 0x0000000707200000, 0x0000000707400000|  0%| F|  |TAMS 0x0000000707200000, 0x0000000707200000| Untracked 
|  52|0x0000000707400000, 0x0000000707400000, 0x0000000707600000|  0%| F|  |TAMS 0x0000000707400000, 0x0000000707400000| Untracked 
|  53|0x0000000707600000, 0x0000000707600000, 0x0000000707800000|  0%| F|  |TAMS 0x0000000707600000, 0x0000000707600000| Untracked 
|  54|0x0000000707800000, 0x0000000707800000, 0x0000000707a00000|  0%| F|  |TAMS 0x0000000707800000, 0x0000000707800000| Untracked 
|  55|0x0000000707a00000, 0x0000000707a00000, 0x0000000707c00000|  0%| F|  |TAMS 0x0000000707a00000, 0x0000000707a00000| Untracked 
|  56|0x0000000707c00000, 0x0000000707c00000, 0x0000000707e00000|  0%| F|  |TAMS 0x0000000707c00000, 0x0000000707c00000| Untracked 
|  57|0x0000000707e00000, 0x0000000707e00000, 0x0000000708000000|  0%| F|  |TAMS 0x0000000707e00000, 0x0000000707e00000| Untracked 
|  58|0x0000000708000000, 0x0000000708000000, 0x0000000708200000|  0%| F|  |TAMS 0x0000000708000000, 0x0000000708000000| Untracked 
|  59|0x0000000708200000, 0x0000000708200000, 0x0000000708400000|  0%| F|  |TAMS 0x0000000708200000, 0x0000000708200000| Untracked 
|  60|0x0000000708400000, 0x0000000708400000, 0x0000000708600000|  0%| F|  |TAMS 0x0000000708400000, 0x0000000708400000| Untracked 
|  61|0x0000000708600000, 0x0000000708600000, 0x0000000708800000|  0%| F|  |TAMS 0x0000000708600000, 0x0000000708600000| Untracked 
|  62|0x0000000708800000, 0x0000000708800000, 0x0000000708a00000|  0%| F|  |TAMS 0x0000000708800000, 0x0000000708800000| Untracked 
|  63|0x0000000708a00000, 0x0000000708a00000, 0x0000000708c00000|  0%| F|  |TAMS 0x0000000708a00000, 0x0000000708a00000| Untracked 
|  64|0x0000000708c00000, 0x0000000708c00000, 0x0000000708e00000|  0%| F|  |TAMS 0x0000000708c00000, 0x0000000708c00000| Untracked 
|  65|0x0000000708e00000, 0x0000000708e00000, 0x0000000709000000|  0%| F|  |TAMS 0x0000000708e00000, 0x0000000708e00000| Untracked 
|  66|0x0000000709000000, 0x0000000709000000, 0x0000000709200000|  0%| F|  |TAMS 0x0000000709000000, 0x0000000709000000| Untracked 
|  67|0x0000000709200000, 0x0000000709200000, 0x0000000709400000|  0%| F|  |TAMS 0x0000000709200000, 0x0000000709200000| Untracked 
|  68|0x0000000709400000, 0x0000000709400000, 0x0000000709600000|  0%| F|  |TAMS 0x0000000709400000, 0x0000000709400000| Untracked 
|  69|0x0000000709600000, 0x0000000709600000, 0x0000000709800000|  0%| F|  |TAMS 0x0000000709600000, 0x0000000709600000| Untracked 
|  70|0x0000000709800000, 0x0000000709800000, 0x0000000709a00000|  0%| F|  |TAMS 0x0000000709800000, 0x0000000709800000| Untracked 
|  71|0x0000000709a00000, 0x0000000709a00000, 0x0000000709c00000|  0%| F|  |TAMS 0x0000000709a00000, 0x0000000709a00000| Untracked 
|  72|0x0000000709c00000, 0x0000000709c00000, 0x0000000709e00000|  0%| F|  |TAMS 0x0000000709c00000, 0x0000000709c00000| Untracked 
|  73|0x0000000709e00000, 0x0000000709e00000, 0x000000070a000000|  0%| F|  |TAMS 0x0000000709e00000, 0x0000000709e00000| Untracked 
|  74|0x000000070a000000, 0x000000070a000000, 0x000000070a200000|  0%| F|  |TAMS 0x000000070a000000, 0x000000070a000000| Untracked 
|  75|0x000000070a200000, 0x000000070a200000, 0x000000070a400000|  0%| F|  |TAMS 0x000000070a200000, 0x000000070a200000| Untracked 
|  76|0x000000070a400000, 0x000000070a400000, 0x000000070a600000|  0%| F|  |TAMS 0x000000070a400000, 0x000000070a400000| Untracked 
|  77|0x000000070a600000, 0x000000070a600000, 0x000000070a800000|  0%| F|  |TAMS 0x000000070a600000, 0x000000070a600000| Untracked 
|  78|0x000000070a800000, 0x000000070a800000, 0x000000070aa00000|  0%| F|  |TAMS 0x000000070a800000, 0x000000070a800000| Untracked 
|  79|0x000000070aa00000, 0x000000070aa00000, 0x000000070ac00000|  0%| F|  |TAMS 0x000000070aa00000, 0x000000070aa00000| Untracked 
|  80|0x000000070ac00000, 0x000000070ac00000, 0x000000070ae00000|  0%| F|  |TAMS 0x000000070ac00000, 0x000000070ac00000| Untracked 
|  81|0x000000070ae00000, 0x000000070ae00000, 0x000000070b000000|  0%| F|  |TAMS 0x000000070ae00000, 0x000000070ae00000| Untracked 
|  82|0x000000070b000000, 0x000000070b000000, 0x000000070b200000|  0%| F|  |TAMS 0x000000070b000000, 0x000000070b000000| Untracked 
|  83|0x000000070b200000, 0x000000070b200000, 0x000000070b400000|  0%| F|  |TAMS 0x000000070b200000, 0x000000070b200000| Untracked 
|  84|0x000000070b400000, 0x000000070b400000, 0x000000070b600000|  0%| F|  |TAMS 0x000000070b400000, 0x000000070b400000| Untracked 
|  85|0x000000070b600000, 0x000000070b600000, 0x000000070b800000|  0%| F|  |TAMS 0x000000070b600000, 0x000000070b600000| Untracked 
|  86|0x000000070b800000, 0x000000070b800000, 0x000000070ba00000|  0%| F|  |TAMS 0x000000070b800000, 0x000000070b800000| Untracked 
|  87|0x000000070ba00000, 0x000000070ba00000, 0x000000070bc00000|  0%| F|  |TAMS 0x000000070ba00000, 0x000000070ba00000| Untracked 
|  88|0x000000070bc00000, 0x000000070bc00000, 0x000000070be00000|  0%| F|  |TAMS 0x000000070bc00000, 0x000000070bc00000| Untracked 
|  89|0x000000070be00000, 0x000000070be00000, 0x000000070c000000|  0%| F|  |TAMS 0x000000070be00000, 0x000000070be00000| Untracked 
|  90|0x000000070c000000, 0x000000070c000000, 0x000000070c200000|  0%| F|  |TAMS 0x000000070c000000, 0x000000070c000000| Untracked 
|  91|0x000000070c200000, 0x000000070c200000, 0x000000070c400000|  0%| F|  |TAMS 0x000000070c200000, 0x000000070c200000| Untracked 
|  92|0x000000070c400000, 0x000000070c400000, 0x000000070c600000|  0%| F|  |TAMS 0x000000070c400000, 0x000000070c400000| Untracked 
|  93|0x000000070c600000, 0x000000070c600000, 0x000000070c800000|  0%| F|  |TAMS 0x000000070c600000, 0x000000070c600000| Untracked 
|  94|0x000000070c800000, 0x000000070c800000, 0x000000070ca00000|  0%| F|  |TAMS 0x000000070c800000, 0x000000070c800000| Untracked 
|  95|0x000000070ca00000, 0x000000070ca00000, 0x000000070cc00000|  0%| F|  |TAMS 0x000000070ca00000, 0x000000070ca00000| Untracked 
|  96|0x000000070cc00000, 0x000000070cc00000, 0x000000070ce00000|  0%| F|  |TAMS 0x000000070cc00000, 0x000000070cc00000| Untracked 
|  97|0x000000070ce00000, 0x000000070ce00000, 0x000000070d000000|  0%| F|  |TAMS 0x000000070ce00000, 0x000000070ce00000| Untracked 
|  98|0x000000070d000000, 0x000000070d000000, 0x000000070d200000|  0%| F|  |TAMS 0x000000070d000000, 0x000000070d000000| Untracked 
|  99|0x000000070d200000, 0x000000070d200000, 0x000000070d400000|  0%| F|  |TAMS 0x000000070d200000, 0x000000070d200000| Untracked 
| 100|0x000000070d400000, 0x000000070d400000, 0x000000070d600000|  0%| F|  |TAMS 0x000000070d400000, 0x000000070d400000| Untracked 
| 101|0x000000070d600000, 0x000000070d600000, 0x000000070d800000|  0%| F|  |TAMS 0x000000070d600000, 0x000000070d600000| Untracked 
| 102|0x000000070d800000, 0x000000070d800000, 0x000000070da00000|  0%| F|  |TAMS 0x000000070d800000, 0x000000070d800000| Untracked 
| 103|0x000000070da00000, 0x000000070da00000, 0x000000070dc00000|  0%| F|  |TAMS 0x000000070da00000, 0x000000070da00000| Untracked 
| 104|0x000000070dc00000, 0x000000070dc00000, 0x000000070de00000|  0%| F|  |TAMS 0x000000070dc00000, 0x000000070dc00000| Untracked 
| 105|0x000000070de00000, 0x000000070de00000, 0x000000070e000000|  0%| F|  |TAMS 0x000000070de00000, 0x000000070de00000| Untracked 
| 106|0x000000070e000000, 0x000000070e000000, 0x000000070e200000|  0%| F|  |TAMS 0x000000070e000000, 0x000000070e000000| Untracked 
| 107|0x000000070e200000, 0x000000070e200000, 0x000000070e400000|  0%| F|  |TAMS 0x000000070e200000, 0x000000070e200000| Untracked 
| 108|0x000000070e400000, 0x000000070e400000, 0x000000070e600000|  0%| F|  |TAMS 0x000000070e400000, 0x000000070e400000| Untracked 
| 109|0x000000070e600000, 0x000000070e600000, 0x000000070e800000|  0%| F|  |TAMS 0x000000070e600000, 0x000000070e600000| Untracked 
| 110|0x000000070e800000, 0x000000070e800000, 0x000000070ea00000|  0%| F|  |TAMS 0x000000070e800000, 0x000000070e800000| Untracked 
| 111|0x000000070ea00000, 0x000000070ea00000, 0x000000070ec00000|  0%| F|  |TAMS 0x000000070ea00000, 0x000000070ea00000| Untracked 
| 112|0x000000070ec00000, 0x000000070eda0478, 0x000000070ee00000| 81%| E|  |TAMS 0x000000070ec00000, 0x000000070ec00000| Complete 
| 113|0x000000070ee00000, 0x000000070f000000, 0x000000070f000000|100%| E|CS|TAMS 0x000000070ee00000, 0x000000070ee00000| Complete 
| 114|0x000000070f000000, 0x000000070f200000, 0x000000070f200000|100%| E|CS|TAMS 0x000000070f000000, 0x000000070f000000| Complete 
| 115|0x000000070f200000, 0x000000070f269ff0, 0x000000070f400000| 20%| S|CS|TAMS 0x000000070f200000, 0x000000070f200000| Complete 
| 116|0x000000070f400000, 0x000000070f600000, 0x000000070f600000|100%| S|CS|TAMS 0x000000070f400000, 0x000000070f400000| Complete 
| 117|0x000000070f600000, 0x000000070f800000, 0x000000070f800000|100%| E|CS|TAMS 0x000000070f600000, 0x000000070f600000| Complete 
| 118|0x000000070f800000, 0x000000070fa00000, 0x000000070fa00000|100%| E|CS|TAMS 0x000000070f800000, 0x000000070f800000| Complete 
| 119|0x000000070fa00000, 0x000000070fc00000, 0x000000070fc00000|100%| E|CS|TAMS 0x000000070fa00000, 0x000000070fa00000| Complete 
| 120|0x000000070fc00000, 0x000000070fe00000, 0x000000070fe00000|100%| E|CS|TAMS 0x000000070fc00000, 0x000000070fc00000| Complete 
| 121|0x000000070fe00000, 0x0000000710000000, 0x0000000710000000|100%| E|CS|TAMS 0x000000070fe00000, 0x000000070fe00000| Complete 
| 122|0x0000000710000000, 0x0000000710200000, 0x0000000710200000|100%| E|CS|TAMS 0x0000000710000000, 0x0000000710000000| Complete 
| 123|0x0000000710200000, 0x0000000710400000, 0x0000000710400000|100%| E|CS|TAMS 0x0000000710200000, 0x0000000710200000| Complete 
| 124|0x0000000710400000, 0x0000000710600000, 0x0000000710600000|100%| E|CS|TAMS 0x0000000710400000, 0x0000000710400000| Complete 
| 125|0x0000000710600000, 0x0000000710800000, 0x0000000710800000|100%| E|CS|TAMS 0x0000000710600000, 0x0000000710600000| Complete 
| 126|0x0000000710800000, 0x0000000710a00000, 0x0000000710a00000|100%| E|CS|TAMS 0x0000000710800000, 0x0000000710800000| Complete 
| 127|0x0000000710a00000, 0x0000000710c00000, 0x0000000710c00000|100%| E|CS|TAMS 0x0000000710a00000, 0x0000000710a00000| Complete 

Card table byte_map: [0x0000020afef00000,0x0000020aff700000] _byte_map_base: 0x0000020afb6fa000

Marking Bits (Prev, Next): (CMBitMap*) 0x0000020ae9915120, (CMBitMap*) 0x0000020ae9915160
 Prev Bits: [0x0000020a80000000, 0x0000020a83fd0000)
 Next Bits: [0x0000020a83fd0000, 0x0000020a87fa0000)

Polling page: 0x0000020ae95c0000

Metaspace:

Usage:
  Non-class:     16.17 MB used.
      Class:      2.25 MB used.
       Both:     18.42 MB used.

Virtual space:
  Non-class space:       24.00 MB reserved,      16.31 MB ( 68%) committed,  3 nodes.
      Class space:        1.00 GB reserved,       2.38 MB ( <1%) committed,  1 nodes.
             Both:        1.02 GB reserved,      18.69 MB (  2%) committed. 

Chunk freelists:
   Non-Class:  3.55 MB
       Class:  1.55 MB
        Both:  5.09 MB

MaxMetaspaceSize: unlimited
CompressedClassSpaceSize: 1.00 GB
Initial GC threshold: 21.00 MB
Current GC threshold: 21.00 MB
CDS: off
MetaspaceReclaimPolicy: balanced
 - commit_granule_bytes: 65536.
 - commit_granule_words: 8192.
 - virtual_space_node_default_size: 1048576.
 - enlarge_chunks_in_place: 1.
 - new_chunks_are_fully_committed: 0.
 - uncommit_free_chunks: 1.
 - use_allocation_guard: 0.
 - handle_deallocations: 1.


Internal statistics:

num_allocs_failed_limit: 0.
num_arena_births: 148.
num_arena_deaths: 0.
num_vsnodes_births: 4.
num_vsnodes_deaths: 0.
num_space_committed: 299.
num_space_uncommitted: 0.
num_chunks_returned_to_freelist: 0.
num_chunks_taken_from_freelist: 557.
num_chunk_merges: 0.
num_chunk_splits: 387.
num_chunks_enlarged: 315.
num_purges: 0.
num_inconsistent_stats: 0.

CodeHeap 'non-profiled nmethods': size=119168Kb used=716Kb max_used=716Kb free=118451Kb
 bounds [0x0000020af62e0000, 0x0000020af6550000, 0x0000020afd740000]
CodeHeap 'profiled nmethods': size=119104Kb used=3310Kb max_used=3310Kb free=115793Kb
 bounds [0x0000020aeee90000, 0x0000020aef1d0000, 0x0000020af62e0000]
CodeHeap 'non-nmethods': size=7488Kb used=1411Kb max_used=3166Kb free=6076Kb
 bounds [0x0000020aee740000, 0x0000020aeea60000, 0x0000020aeee90000]
 total_blobs=2603 nmethods=1840 adapters=675
 compilation: enabled
              stopped_count=0, restarted_count=0
 full_count=0

Compilation events (20 events):
Event: 2.672 Thread 0x0000020a8b88f130 nmethod 1831 0x0000020aef1c6010 code [0x0000020aef1c61a0, 0x0000020aef1c62e8]
Event: 2.672 Thread 0x0000020a8bb76be0 nmethod 1832 0x0000020aef1c6390 code [0x0000020aef1c6580, 0x0000020aef1c6ae8]
Event: 2.673 Thread 0x0000020a8bb76be0 1833       1       jdk.internal.loader.URLClassPath$Loader::getBaseURL (5 bytes)
Event: 2.673 Thread 0x0000020a8bb76be0 nmethod 1833 0x0000020af6392610 code [0x0000020af63927a0, 0x0000020af6392878]
Event: 2.674 Thread 0x0000020a8bb76620 1834       1       java.net.URL::getUserInfo (5 bytes)
Event: 2.674 Thread 0x0000020a8bb76620 nmethod 1834 0x0000020af6392910 code [0x0000020af6392aa0, 0x0000020af6392b78]
Event: 2.677 Thread 0x0000020a8b88f130 1835       3       java.lang.System$2::findBootstrapClassOrNull (5 bytes)
Event: 2.677 Thread 0x0000020a8ba6e400 1836       3       java.lang.ClassLoader::findBootstrapClassOrNull (14 bytes)
Event: 2.677 Thread 0x0000020a8ba6e400 nmethod 1836 0x0000020aef1c6c90 code [0x0000020aef1c6e40, 0x0000020aef1c6ff8]
Event: 2.677 Thread 0x0000020a8b88f130 nmethod 1835 0x0000020aef1c7090 code [0x0000020aef1c7240, 0x0000020aef1c7458]
Event: 2.678 Thread 0x0000020a8b88f130 1838       3       sun.net.www.ParseUtil::firstEncodeIndex (86 bytes)
Event: 2.679 Thread 0x0000020a8b88f130 nmethod 1838 0x0000020aef1c7590 code [0x0000020aef1c77e0, 0x0000020aef1c81c8]
Event: 2.679 Thread 0x0000020a8ba6e400 1839       3       jdk.internal.loader.ClassLoaders$BootClassLoader::loadClassOrNull (10 bytes)
Event: 2.680 Thread 0x0000020a8ba6e400 nmethod 1839 0x0000020aef1c8590 code [0x0000020aef1c8760, 0x0000020aef1c89f8]
Event: 4.507 Thread 0x0000020a8bb76620 1840       3       com.sun.javafx.tk.quantum.QuantumToolkit::postPulse (133 bytes)
Event: 4.508 Thread 0x0000020a8bb76620 nmethod 1840 0x0000020aef1c8b10 code [0x0000020aef1c8ec0, 0x0000020aef1ca508]
Event: 4.554 Thread 0x0000020a8b88f130 1841       3       com.sun.javafx.tk.quantum.QuantumToolkit$$Lambda$90/0x00000008000f4bb8::run (8 bytes)
Event: 4.554 Thread 0x0000020a8ba6e400 1842   !   3       com.sun.javafx.tk.quantum.QuantumToolkit::lambda$runToolkit$12 (16 bytes)
Event: 4.555 Thread 0x0000020a8b88f130 nmethod 1841 0x0000020aef1cac90 code [0x0000020aef1cae80, 0x0000020aef1cb228]
Event: 4.555 Thread 0x0000020a8ba6e400 nmethod 1842 0x0000020aef1cb410 code [0x0000020aef1cb5e0, 0x0000020aef1cb908]

GC Heap History (2 events):
Event: 0.572 GC heap before
{Heap before GC invocations=0 (full 0):
 garbage-first heap   total 262144K, used 40960K [0x0000000700c00000, 0x0000000800000000)
  region size 2048K, 11 young (22528K), 0 survivors (0K)
 Metaspace       used 11084K, committed 11200K, reserved 1064960K
  class space    used 1157K, committed 1216K, reserved 1048576K
}
Event: 0.574 GC heap after
{Heap after GC invocations=1 (full 0):
 garbage-first heap   total 262144K, used 20903K [0x0000000700c00000, 0x0000000800000000)
  region size 2048K, 2 young (4096K), 2 survivors (4096K)
 Metaspace       used 11084K, committed 11200K, reserved 1064960K
  class space    used 1157K, committed 1216K, reserved 1048576K
}

Deoptimization events (20 events):
Event: 0.781 Thread 0x0000020a8ca149d0 Uncommon trap: trap_request=0xffffffde fr.pc=0x0000020af62f0e2c relative=0x00000000000001ac
Event: 0.781 Thread 0x0000020a8ca149d0 Uncommon trap: reason=class_check action=maybe_recompile pc=0x0000020af62f0e2c method=java.lang.String.equals(Ljava/lang/Object;)Z @ 8 c2
Event: 0.781 Thread 0x0000020a8ca149d0 DEOPT PACKING pc=0x0000020af62f0e2c sp=0x0000002feeefd8c0
Event: 0.781 Thread 0x0000020a8ca149d0 DEOPT UNPACKING pc=0x0000020aee7923a3 sp=0x0000002feeefd868 mode 2
Event: 0.782 Thread 0x0000020a8ca149d0 Uncommon trap: trap_request=0xffffffde fr.pc=0x0000020af62f0e2c relative=0x00000000000001ac
Event: 0.782 Thread 0x0000020a8ca149d0 Uncommon trap: reason=class_check action=maybe_recompile pc=0x0000020af62f0e2c method=java.lang.String.equals(Ljava/lang/Object;)Z @ 8 c2
Event: 0.782 Thread 0x0000020a8ca149d0 DEOPT PACKING pc=0x0000020af62f0e2c sp=0x0000002feeefd370
Event: 0.782 Thread 0x0000020a8ca149d0 DEOPT UNPACKING pc=0x0000020aee7923a3 sp=0x0000002feeefd318 mode 2
Event: 0.812 Thread 0x0000020a8ca149d0 Uncommon trap: trap_request=0xffffff45 fr.pc=0x0000020af635455c relative=0x000000000000005c
Event: 0.812 Thread 0x0000020a8ca149d0 Uncommon trap: reason=unstable_if action=reinterpret pc=0x0000020af635455c method=java.util.Objects.equals(Ljava/lang/Object;Ljava/lang/Object;)Z @ 6 c2
Event: 0.812 Thread 0x0000020a8ca149d0 DEOPT PACKING pc=0x0000020af635455c sp=0x0000002feeefd040
Event: 0.812 Thread 0x0000020a8ca149d0 DEOPT UNPACKING pc=0x0000020aee7923a3 sp=0x0000002feeefcfe0 mode 2
Event: 0.815 Thread 0x0000020a8ca149d0 Uncommon trap: trap_request=0xffffff45 fr.pc=0x0000020af63467b4 relative=0x00000000000001b4
Event: 0.816 Thread 0x0000020a8ca149d0 Uncommon trap: reason=unstable_if action=reinterpret pc=0x0000020af63467b4 method=java.io.ByteArrayInputStream.read()I @ 8 c2
Event: 0.816 Thread 0x0000020a8ca149d0 DEOPT PACKING pc=0x0000020af63467b4 sp=0x0000002feeefbe20
Event: 0.816 Thread 0x0000020a8ca149d0 DEOPT UNPACKING pc=0x0000020aee7923a3 sp=0x0000002feeefbdd8 mode 2
Event: 1.827 Thread 0x0000020a8ca149d0 DEOPT PACKING pc=0x0000020aef156e22 sp=0x0000002feeefdbf0
Event: 1.827 Thread 0x0000020a8ca149d0 DEOPT UNPACKING pc=0x0000020aee792b43 sp=0x0000002feeefd100 mode 3
Event: 1.827 Thread 0x0000020a8ca149d0 DEOPT PACKING pc=0x0000020aef187a04 sp=0x0000002feeefdff0
Event: 1.827 Thread 0x0000020a8ca149d0 DEOPT UNPACKING pc=0x0000020aee792b43 sp=0x0000002feeefd5a8 mode 0

Classes unloaded (0 events):
No events

Classes redefined (0 events):
No events

Internal exceptions (20 events):
Event: 0.348 Thread 0x0000020ae98c0340 Exception <a 'java/lang/NoSuchMethodError'{0x000000070ff2b860}: 'java.lang.Object java.lang.invoke.DirectMethodHandle$Holder.invokeSpecial(java.lang.Object, java.lang.Object, java.lang.Object, int, java.lang.Object)'> (0x000000070ff2b860) 
thrown [e:\jenkins\tmp\workspace\build\src\src\hotspot\share\interpreter\linkResolver.cpp, line 766]
Event: 0.456 Thread 0x0000020a8ca149d0 Exception <a 'java/lang/NoSuchMethodError'{0x000000070fa301f8}: 'void java.lang.invoke.DirectMethodHandle$Holder.invokeStaticInit(java.lang.Object)'> (0x000000070fa301f8) 
thrown [e:\jenkins\tmp\workspace\build\src\src\hotspot\share\interpreter\linkResolver.cpp, line 766]
Event: 0.457 Thread 0x0000020ae98c0340 Exception <a 'java/lang/NoSuchMethodError'{0x000000070ff408f8}: 'java.lang.Object java.lang.invoke.DirectMethodHandle$Holder.newInvokeSpecial(java.lang.Object, java.lang.Object, java.lang.Object, java.lang.Object, java.lang.Object, java.lang.Object)'> (0x000000070ff408f8) 
thrown [e:\jenkins\tmp\workspace\build\src\src\hotspot\share\interpreter\linkResolver.cpp, line 766]
Event: 0.464 Thread 0x0000020ae98c0340 Exception <a 'java/lang/NoSuchMethodError'{0x000000070fafdd28}: 'java.lang.Object java.lang.invoke.DirectMethodHandle$Holder.newInvokeSpecial(java.lang.Object, java.lang.Object, java.lang.Object, java.lang.Object, java.lang.Object)'> (0x000000070fafdd28) 
thrown [e:\jenkins\tmp\workspace\build\src\src\hotspot\share\interpreter\linkResolver.cpp, line 766]
Event: 0.465 Thread 0x0000020a8cbd5910 Exception <a 'java/lang/NoSuchMethodError'{0x000000070fb61ff8}: 'void java.lang.invoke.DirectMethodHandle$Holder.invokeStatic(java.lang.Object, java.lang.Object, java.lang.Object, java.lang.Object)'> (0x000000070fb61ff8) 
thrown [e:\jenkins\tmp\workspace\build\src\src\hotspot\share\interpreter\linkResolver.cpp, line 766]
Event: 0.488 Thread 0x0000020a8ca149d0 Exception <a 'java/lang/NoSuchMethodError'{0x000000070f70d7a8}: 'java.lang.Object java.lang.invoke.DirectMethodHandle$Holder.invokeStaticInit(java.lang.Object, java.lang.Object, java.lang.Object, java.lang.Object)'> (0x000000070f70d7a8) 
thrown [e:\jenkins\tmp\workspace\build\src\src\hotspot\share\interpreter\linkResolver.cpp, line 766]
Event: 0.488 Thread 0x0000020a8ca149d0 Exception <a 'java/lang/NullPointerException'{0x000000070f719248}> (0x000000070f719248) 
thrown [e:\jenkins\tmp\workspace\build\src\src\hotspot\share\interpreter\linkResolver.cpp, line 1357]
Event: 0.641 Thread 0x0000020a8ca149d0 Exception <a 'java/lang/ClassNotFoundException'{0x0000000710bcb788}: com/sun/glass/ui/win/themes> (0x0000000710bcb788) 
thrown [e:\jenkins\tmp\workspace\build\src\src\hotspot\share\prims\jni.cpp, line 535]
Event: 0.643 Thread 0x0000020a8ca149d0 Exception <a 'java/lang/ClassNotFoundException'{0x0000000710bd8390}: com/sun/glass/ui/win/themes_en> (0x0000000710bd8390) 
thrown [e:\jenkins\tmp\workspace\build\src\src\hotspot\share\prims\jni.cpp, line 535]
Event: 0.643 Thread 0x0000020a8ca149d0 Exception <a 'java/lang/ClassNotFoundException'{0x0000000710be0120}: com/sun/glass/ui/win/themes_en_US> (0x0000000710be0120) 
thrown [e:\jenkins\tmp\workspace\build\src\src\hotspot\share\prims\jni.cpp, line 535]
Event: 0.690 Thread 0x0000020a8ca149d0 Exception <a 'java/lang/NoSuchMethodError'{0x00000007102dbc38}: 'void java.lang.invoke.DirectMethodHandle$Holder.invokeStaticInit(java.lang.Object, java.lang.Object)'> (0x00000007102dbc38) 
thrown [e:\jenkins\tmp\workspace\build\src\src\hotspot\share\interpreter\linkResolver.cpp, line 766]
Event: 0.800 Thread 0x0000020a8ca149d0 Exception <a 'java/lang/NoSuchMethodError'{0x000000070fb73528}: 'void java.lang.invoke.DirectMethodHandle$Holder.invokeSpecial(java.lang.Object, java.lang.Object, java.lang.Object, java.lang.Object, java.lang.Object)'> (0x000000070fb73528) 
thrown [e:\jenkins\tmp\workspace\build\src\src\hotspot\share\interpreter\linkResolver.cpp, line 766]
Event: 0.801 Thread 0x0000020a8ca149d0 Exception <a 'java/lang/NoSuchMethodError'{0x000000070fb83b30}: 'java.lang.Object java.lang.invoke.DirectMethodHandle$Holder.invokeInterface(java.lang.Object, java.lang.Object, java.lang.Object)'> (0x000000070fb83b30) 
thrown [e:\jenkins\tmp\workspace\build\src\src\hotspot\share\interpreter\linkResolver.cpp, line 766]
Event: 0.801 Thread 0x0000020a8ca149d0 Exception <a 'java/lang/IncompatibleClassChangeError'{0x000000070fb87708}: Found class java.lang.Object, but interface was expected> (0x000000070fb87708) 
thrown [e:\jenkins\tmp\workspace\build\src\src\hotspot\share\interpreter\linkResolver.cpp, line 833]
Event: 0.826 Thread 0x0000020a8ca149d0 Exception <a 'java/lang/NoSuchMethodError'{0x000000070f915fc8}: 'java.lang.Object java.lang.invoke.DirectMethodHandle$Holder.newInvokeSpecial(java.lang.Object, java.lang.Object, int)'> (0x000000070f915fc8) 
thrown [e:\jenkins\tmp\workspace\build\src\src\hotspot\share\interpreter\linkResolver.cpp, line 766]
Event: 0.839 Thread 0x0000020a8c4703b0 Exception <a 'java/lang/NoSuchMethodError'{0x000000070f61a890}: 'int java.lang.invoke.DirectMethodHandle$Holder.invokeStaticInit(java.lang.Object, java.lang.Object)'> (0x000000070f61a890) 
thrown [e:\jenkins\tmp\workspace\build\src\src\hotspot\share\interpreter\linkResolver.cpp, line 766]
Event: 2.108 Thread 0x0000020a8ca149d0 Exception <a 'java/lang/NoSuchMethodError'{0x000000070ee91068}: 'long java.lang.invoke.DirectMethodHandle$Holder.invokeStatic(java.lang.Object, java.lang.Object, java.lang.Object)'> (0x000000070ee91068) 
thrown [e:\jenkins\tmp\workspace\build\src\src\hotspot\share\interpreter\linkResolver.cpp, line 766]
Event: 2.108 Thread 0x0000020a8ca149d0 Exception <a 'java/lang/NoSuchMethodError'{0x000000070ee94810}: 'long java.lang.invoke.DirectMethodHandle$Holder.invokeStaticInit(java.lang.Object, java.lang.Object, java.lang.Object)'> (0x000000070ee94810) 
thrown [e:\jenkins\tmp\workspace\build\src\src\hotspot\share\interpreter\linkResolver.cpp, line 766]
Event: 2.109 Thread 0x0000020a8ca149d0 Exception <a 'java/lang/NoSuchMethodError'{0x000000070eeac418}: 'java.lang.Object java.lang.invoke.DirectMethodHandle$Holder.newInvokeSpecial(java.lang.Object, java.lang.Object, long)'> (0x000000070eeac418) 
thrown [e:\jenkins\tmp\workspace\build\src\src\hotspot\share\interpreter\linkResolver.cpp, line 766]
Event: 2.109 Thread 0x0000020a8ca149d0 Exception <a 'java/lang/NoSuchMethodError'{0x000000070eeaff88}: 'java.lang.Object java.lang.invoke.Invokers$Holder.linkToTargetMethod(java.lang.Object, long, java.lang.Object)'> (0x000000070eeaff88) 
thrown [e:\jenkins\tmp\workspace\build\src\src\hotspot\share\interpreter\linkResolver.cpp, line 766]

VM Operations (20 events):
Event: 0.098 Executing VM operation: HandshakeAllThreads
Event: 0.098 Executing VM operation: HandshakeAllThreads done
Event: 0.137 Executing VM operation: HandshakeAllThreads
Event: 0.137 Executing VM operation: HandshakeAllThreads done
Event: 0.343 Executing VM operation: HandshakeAllThreads
Event: 0.343 Executing VM operation: HandshakeAllThreads done
Event: 0.572 Executing VM operation: G1CollectForAllocation
Event: 0.574 Executing VM operation: G1CollectForAllocation done
Event: 0.664 Executing VM operation: HandshakeAllThreads
Event: 0.664 Executing VM operation: HandshakeAllThreads done
Event: 0.866 Executing VM operation: ICBufferFull
Event: 0.867 Executing VM operation: ICBufferFull done
Event: 1.827 Executing VM operation: HandshakeAllThreads
Event: 1.827 Executing VM operation: HandshakeAllThreads done
Event: 2.204 Executing VM operation: HandshakeAllThreads
Event: 2.204 Executing VM operation: HandshakeAllThreads done
Event: 2.204 Executing VM operation: Cleanup
Event: 2.204 Executing VM operation: Cleanup done
Event: 2.206 Executing VM operation: HandshakeAllThreads
Event: 2.206 Executing VM operation: HandshakeAllThreads done

Events (20 events):
Event: 2.204 loading class jdk/internal/loader/URLClassPath$JarLoader$2 done
Event: 2.204 loading class java/util/zip/CRC32
Event: 2.205 loading class java/util/zip/Checksum
Event: 2.205 loading class java/util/zip/Checksum done
Event: 2.205 loading class java/util/zip/CRC32 done
Event: 2.205 loading class java/util/zip/Checksum$1
Event: 2.205 loading class java/util/zip/Checksum$1 done
Event: 2.205 loading class java/io/StringWriter
Event: 2.205 loading class java/io/StringWriter done
Event: 2.206 loading class java/io/PrintWriter
Event: 2.206 loading class java/io/PrintWriter done
Event: 2.206 loading class java/util/concurrent/RejectedExecutionException
Event: 2.206 loading class java/util/concurrent/RejectedExecutionException done
Event: 2.653 Loaded shared library C:\Program Files\MATLAB\R2020a\bin\win64\nativemvm.dll
Event: 2.669 Thread 0x0000020a8d2d25e0 Thread added: 0x0000020a8d2d25e0
Event: 2.675 loading class java/util/concurrent/TimeoutException
Event: 2.675 loading class java/util/concurrent/TimeoutException done
Event: 4.507 Thread 0x0000020a8bb76be0 Thread exited: 0x0000020a8bb76be0
Event: 9.554 Thread 0x0000020a8bb76620 Thread exited: 0x0000020a8bb76620
Event: 9.554 Thread 0x0000020a8ba6e400 Thread exited: 0x0000020a8ba6e400


Dynamic libraries:
0x00007ff768db0000 - 0x00007ff768dbe000 	C:\Program Files (x86)\eclipse\plugins\org.eclipse.justj.openjdk.hotspot.jre.full.win32.x86_64_17.0.1.v20211116-1657\jre\bin\javaw.exe
0x00007ffe80eb0000 - 0x00007ffe810a5000 	C:\WINDOWS\SYSTEM32\ntdll.dll
0x00007ffe80cd0000 - 0x00007ffe80d8e000 	C:\WINDOWS\System32\KERNEL32.DLL
0x00007ffe7e740000 - 0x00007ffe7ea08000 	C:\WINDOWS\System32\KERNELBASE.dll
0x00007ffe7e5d0000 - 0x00007ffe7e6d0000 	C:\WINDOWS\System32\ucrtbase.dll
0x00007ffe7ae70000 - 0x00007ffe7ae89000 	C:\Program Files (x86)\eclipse\plugins\org.eclipse.justj.openjdk.hotspot.jre.full.win32.x86_64_17.0.1.v20211116-1657\jre\bin\VCRUNTIME140.dll
0x00007ffe716b0000 - 0x00007ffe716c8000 	C:\Program Files (x86)\eclipse\plugins\org.eclipse.justj.openjdk.hotspot.jre.full.win32.x86_64_17.0.1.v20211116-1657\jre\bin\jli.dll
0x00007ffe7ef10000 - 0x00007ffe7f0b0000 	C:\WINDOWS\System32\USER32.dll
0x00007ffe7ee60000 - 0x00007ffe7ee82000 	C:\WINDOWS\System32\win32u.dll
0x00007ffe7fb00000 - 0x00007ffe7fb2a000 	C:\WINDOWS\System32\GDI32.dll
0x00007ffe7d9c0000 - 0x00007ffe7dc5a000 	C:\WINDOWS\WinSxS\amd64_microsoft.windows.common-controls_6595b64144ccf1df_6.0.19041.1110_none_60b5254171f9507e\COMCTL32.dll
0x00007ffe7eaa0000 - 0x00007ffe7ebab000 	C:\WINDOWS\System32\gdi32full.dll
0x00007ffe805b0000 - 0x00007ffe8064e000 	C:\WINDOWS\System32\msvcrt.dll
0x00007ffe7ebb0000 - 0x00007ffe7ec4d000 	C:\WINDOWS\System32\msvcp_win.dll
0x00007ffe80110000 - 0x00007ffe80140000 	C:\WINDOWS\System32\IMM32.DLL
0x00007ffe7ae60000 - 0x00007ffe7ae6c000 	C:\Program Files (x86)\eclipse\plugins\org.eclipse.justj.openjdk.hotspot.jre.full.win32.x86_64_17.0.1.v20211116-1657\jre\bin\vcruntime140_1.dll
0x00007ffe4e730000 - 0x00007ffe4e7c1000 	C:\Program Files (x86)\eclipse\plugins\org.eclipse.justj.openjdk.hotspot.jre.full.win32.x86_64_17.0.1.v20211116-1657\jre\bin\msvcp140.dll
0x00007ffdfa5e0000 - 0x00007ffdfb226000 	C:\Program Files (x86)\eclipse\plugins\org.eclipse.justj.openjdk.hotspot.jre.full.win32.x86_64_17.0.1.v20211116-1657\jre\bin\server\jvm.dll
0x00007ffe7f110000 - 0x00007ffe7f1be000 	C:\WINDOWS\System32\ADVAPI32.dll
0x00007ffe80c30000 - 0x00007ffe80ccc000 	C:\WINDOWS\System32\sechost.dll
0x00007ffe802c0000 - 0x00007ffe803e5000 	C:\WINDOWS\System32\RPCRT4.dll
0x00007ffe803f0000 - 0x00007ffe803f8000 	C:\WINDOWS\System32\PSAPI.DLL
0x00007ffe77130000 - 0x00007ffe7713a000 	C:\WINDOWS\SYSTEM32\VERSION.dll
0x00007ffe05100000 - 0x00007ffe05109000 	C:\WINDOWS\SYSTEM32\WSOCK32.dll
0x00007ffe707a0000 - 0x00007ffe707c7000 	C:\WINDOWS\SYSTEM32\WINMM.dll
0x00007ffe80240000 - 0x00007ffe802ab000 	C:\WINDOWS\System32\WS2_32.dll
0x00007ffe7c850000 - 0x00007ffe7c862000 	C:\WINDOWS\SYSTEM32\kernel.appcore.dll
0x00007ffe60390000 - 0x00007ffe6039a000 	C:\Program Files (x86)\eclipse\plugins\org.eclipse.justj.openjdk.hotspot.jre.full.win32.x86_64_17.0.1.v20211116-1657\jre\bin\jimage.dll
0x00007ffe7dde0000 - 0x00007ffe7dfc4000 	C:\WINDOWS\SYSTEM32\DBGHELP.DLL
0x00007ffe7ddb0000 - 0x00007ffe7dddc000 	C:\WINDOWS\SYSTEM32\dbgcore.DLL
0x00007ffe7ea10000 - 0x00007ffe7ea92000 	C:\WINDOWS\System32\bcryptPrimitives.dll
0x00007ffe52230000 - 0x00007ffe52255000 	C:\Program Files (x86)\eclipse\plugins\org.eclipse.justj.openjdk.hotspot.jre.full.win32.x86_64_17.0.1.v20211116-1657\jre\bin\java.dll
0x00007ffe52210000 - 0x00007ffe52228000 	C:\Program Files (x86)\eclipse\plugins\org.eclipse.justj.openjdk.hotspot.jre.full.win32.x86_64_17.0.1.v20211116-1657\jre\bin\zip.dll
0x00007ffe7f1c0000 - 0x00007ffe7f904000 	C:\WINDOWS\System32\SHELL32.dll
0x00007ffe7be50000 - 0x00007ffe7c5e4000 	C:\WINDOWS\SYSTEM32\windows.storage.dll
0x00007ffe808d0000 - 0x00007ffe80c24000 	C:\WINDOWS\System32\combase.dll
0x00007ffe7d950000 - 0x00007ffe7d97c000 	C:\WINDOWS\SYSTEM32\Wldp.dll
0x00007ffe80060000 - 0x00007ffe8010d000 	C:\WINDOWS\System32\SHCORE.dll
0x00007ffe7f910000 - 0x00007ffe7f965000 	C:\WINDOWS\System32\shlwapi.dll
0x00007ffe7e510000 - 0x00007ffe7e52f000 	C:\WINDOWS\SYSTEM32\profapi.dll
0x00007ffe521f0000 - 0x00007ffe52209000 	C:\Program Files (x86)\eclipse\plugins\org.eclipse.justj.openjdk.hotspot.jre.full.win32.x86_64_17.0.1.v20211116-1657\jre\bin\net.dll
0x00007ffe75100000 - 0x00007ffe7520a000 	C:\WINDOWS\SYSTEM32\WINHTTP.dll
0x00007ffe7d7f0000 - 0x00007ffe7d85a000 	C:\WINDOWS\system32\mswsock.dll
0x00007ffe521d0000 - 0x00007ffe521e5000 	C:\Program Files (x86)\eclipse\plugins\org.eclipse.justj.openjdk.hotspot.jre.full.win32.x86_64_17.0.1.v20211116-1657\jre\bin\nio.dll
0x0000020a8afa0000 - 0x0000020a8afa3000 	C:\Users\jeffr\Downloads\openjfx-18_windows-x64_bin-sdk\javafx-sdk-18\bin\api-ms-win-core-console-l1-1-0.dll
0x0000020a8afb0000 - 0x0000020a8afb3000 	C:\Users\jeffr\Downloads\openjfx-18_windows-x64_bin-sdk\javafx-sdk-18\bin\api-ms-win-core-console-l1-2-0.dll
0x0000020a8afc0000 - 0x0000020a8afc3000 	C:\Users\jeffr\Downloads\openjfx-18_windows-x64_bin-sdk\javafx-sdk-18\bin\api-ms-win-core-datetime-l1-1-0.dll
0x0000020a8afd0000 - 0x0000020a8afd3000 	C:\Users\jeffr\Downloads\openjfx-18_windows-x64_bin-sdk\javafx-sdk-18\bin\api-ms-win-core-debug-l1-1-0.dll
0x0000020a8afe0000 - 0x0000020a8afe3000 	C:\Users\jeffr\Downloads\openjfx-18_windows-x64_bin-sdk\javafx-sdk-18\bin\api-ms-win-core-errorhandling-l1-1-0.dll
0x0000020a8aff0000 - 0x0000020a8aff4000 	C:\Users\jeffr\Downloads\openjfx-18_windows-x64_bin-sdk\javafx-sdk-18\bin\api-ms-win-core-file-l1-1-0.dll
0x0000020a8d4d0000 - 0x0000020a8d4d3000 	C:\Users\jeffr\Downloads\openjfx-18_windows-x64_bin-sdk\javafx-sdk-18\bin\api-ms-win-core-file-l1-2-0.dll
0x0000020a8d4e0000 - 0x0000020a8d4e3000 	C:\Users\jeffr\Downloads\openjfx-18_windows-x64_bin-sdk\javafx-sdk-18\bin\api-ms-win-core-file-l2-1-0.dll
0x0000020a8d4f0000 - 0x0000020a8d4f3000 	C:\Users\jeffr\Downloads\openjfx-18_windows-x64_bin-sdk\javafx-sdk-18\bin\api-ms-win-core-handle-l1-1-0.dll
0x0000020a8d500000 - 0x0000020a8d503000 	C:\Users\jeffr\Downloads\openjfx-18_windows-x64_bin-sdk\javafx-sdk-18\bin\api-ms-win-core-heap-l1-1-0.dll
0x0000020a8d510000 - 0x0000020a8d513000 	C:\Users\jeffr\Downloads\openjfx-18_windows-x64_bin-sdk\javafx-sdk-18\bin\api-ms-win-core-interlocked-l1-1-0.dll
0x0000020a8d520000 - 0x0000020a8d523000 	C:\Users\jeffr\Downloads\openjfx-18_windows-x64_bin-sdk\javafx-sdk-18\bin\api-ms-win-core-libraryloader-l1-1-0.dll
0x0000020a8d530000 - 0x0000020a8d533000 	C:\Users\jeffr\Downloads\openjfx-18_windows-x64_bin-sdk\javafx-sdk-18\bin\api-ms-win-core-localization-l1-2-0.dll
0x0000020a8d540000 - 0x0000020a8d543000 	C:\Users\jeffr\Downloads\openjfx-18_windows-x64_bin-sdk\javafx-sdk-18\bin\api-ms-win-core-memory-l1-1-0.dll
0x0000020a8d550000 - 0x0000020a8d553000 	C:\Users\jeffr\Downloads\openjfx-18_windows-x64_bin-sdk\javafx-sdk-18\bin\api-ms-win-core-namedpipe-l1-1-0.dll
0x0000020a8d8a0000 - 0x0000020a8d8a3000 	C:\Users\jeffr\Downloads\openjfx-18_windows-x64_bin-sdk\javafx-sdk-18\bin\api-ms-win-core-processenvironment-l1-1-0.dll
0x0000020a8d8b0000 - 0x0000020a8d8b3000 	C:\Users\jeffr\Downloads\openjfx-18_windows-x64_bin-sdk\javafx-sdk-18\bin\api-ms-win-core-processthreads-l1-1-0.dll
0x0000020a8d8c0000 - 0x0000020a8d8c3000 	C:\Users\jeffr\Downloads\openjfx-18_windows-x64_bin-sdk\javafx-sdk-18\bin\api-ms-win-core-processthreads-l1-1-1.dll
0x0000020a8d8d0000 - 0x0000020a8d8d3000 	C:\Users\jeffr\Downloads\openjfx-18_windows-x64_bin-sdk\javafx-sdk-18\bin\api-ms-win-core-profile-l1-1-0.dll
0x0000020a8d560000 - 0x0000020a8d563000 	C:\Users\jeffr\Downloads\openjfx-18_windows-x64_bin-sdk\javafx-sdk-18\bin\api-ms-win-core-rtlsupport-l1-1-0.dll
0x0000020a8d570000 - 0x0000020a8d573000 	C:\Users\jeffr\Downloads\openjfx-18_windows-x64_bin-sdk\javafx-sdk-18\bin\api-ms-win-core-string-l1-1-0.dll
0x0000020a8d580000 - 0x0000020a8d583000 	C:\Users\jeffr\Downloads\openjfx-18_windows-x64_bin-sdk\javafx-sdk-18\bin\api-ms-win-core-synch-l1-1-0.dll
0x0000020a8d590000 - 0x0000020a8d593000 	C:\Users\jeffr\Downloads\openjfx-18_windows-x64_bin-sdk\javafx-sdk-18\bin\api-ms-win-core-synch-l1-2-0.dll
0x0000020a8d5a0000 - 0x0000020a8d5a3000 	C:\Users\jeffr\Downloads\openjfx-18_windows-x64_bin-sdk\javafx-sdk-18\bin\api-ms-win-core-sysinfo-l1-1-0.dll
0x0000020a8d5b0000 - 0x0000020a8d5b3000 	C:\Users\jeffr\Downloads\openjfx-18_windows-x64_bin-sdk\javafx-sdk-18\bin\api-ms-win-core-timezone-l1-1-0.dll
0x0000020a8d5c0000 - 0x0000020a8d5c3000 	C:\Users\jeffr\Downloads\openjfx-18_windows-x64_bin-sdk\javafx-sdk-18\bin\api-ms-win-core-util-l1-1-0.dll
0x0000020a8d5d0000 - 0x0000020a8d5d3000 	C:\Users\jeffr\Downloads\openjfx-18_windows-x64_bin-sdk\javafx-sdk-18\bin\api-ms-win-crt-conio-l1-1-0.dll
0x0000020a8d5e0000 - 0x0000020a8d5e4000 	C:\Users\jeffr\Downloads\openjfx-18_windows-x64_bin-sdk\javafx-sdk-18\bin\api-ms-win-crt-convert-l1-1-0.dll
0x0000020a8d5f0000 - 0x0000020a8d5f3000 	C:\Users\jeffr\Downloads\openjfx-18_windows-x64_bin-sdk\javafx-sdk-18\bin\api-ms-win-crt-environment-l1-1-0.dll
0x0000020a8d600000 - 0x0000020a8d603000 	C:\Users\jeffr\Downloads\openjfx-18_windows-x64_bin-sdk\javafx-sdk-18\bin\api-ms-win-crt-filesystem-l1-1-0.dll
0x0000020a8d610000 - 0x0000020a8d613000 	C:\Users\jeffr\Downloads\openjfx-18_windows-x64_bin-sdk\javafx-sdk-18\bin\api-ms-win-crt-heap-l1-1-0.dll
0x0000020a8d620000 - 0x0000020a8d623000 	C:\Users\jeffr\Downloads\openjfx-18_windows-x64_bin-sdk\javafx-sdk-18\bin\api-ms-win-crt-locale-l1-1-0.dll
0x0000020a8d630000 - 0x0000020a8d635000 	C:\Users\jeffr\Downloads\openjfx-18_windows-x64_bin-sdk\javafx-sdk-18\bin\api-ms-win-crt-math-l1-1-0.dll
0x0000020a8d640000 - 0x0000020a8d645000 	C:\Users\jeffr\Downloads\openjfx-18_windows-x64_bin-sdk\javafx-sdk-18\bin\api-ms-win-crt-multibyte-l1-1-0.dll
0x0000020a8d650000 - 0x0000020a8d660000 	C:\Users\jeffr\Downloads\openjfx-18_windows-x64_bin-sdk\javafx-sdk-18\bin\api-ms-win-crt-private-l1-1-0.dll
0x0000020a8d660000 - 0x0000020a8d663000 	C:\Users\jeffr\Downloads\openjfx-18_windows-x64_bin-sdk\javafx-sdk-18\bin\api-ms-win-crt-process-l1-1-0.dll
0x0000020a8d670000 - 0x0000020a8d674000 	C:\Users\jeffr\Downloads\openjfx-18_windows-x64_bin-sdk\javafx-sdk-18\bin\api-ms-win-crt-runtime-l1-1-0.dll
0x0000020a8d7b0000 - 0x0000020a8d7b4000 	C:\Users\jeffr\Downloads\openjfx-18_windows-x64_bin-sdk\javafx-sdk-18\bin\api-ms-win-crt-stdio-l1-1-0.dll
0x0000020a8d7c0000 - 0x0000020a8d7c4000 	C:\Users\jeffr\Downloads\openjfx-18_windows-x64_bin-sdk\javafx-sdk-18\bin\api-ms-win-crt-string-l1-1-0.dll
0x0000020a8d7d0000 - 0x0000020a8d7d3000 	C:\Users\jeffr\Downloads\openjfx-18_windows-x64_bin-sdk\javafx-sdk-18\bin\api-ms-win-crt-time-l1-1-0.dll
0x0000020a8d7e0000 - 0x0000020a8d7e3000 	C:\Users\jeffr\Downloads\openjfx-18_windows-x64_bin-sdk\javafx-sdk-18\bin\api-ms-win-crt-utility-l1-1-0.dll
0x00007ffe2d9f0000 - 0x00007ffe2daec000 	C:\Users\jeffr\Downloads\openjfx-18_windows-x64_bin-sdk\javafx-sdk-18\bin\ucrtbase.dll
0x00007ffe5cfb0000 - 0x00007ffe5cfca000 	C:\Users\jeffr\Downloads\openjfx-18_windows-x64_bin-sdk\javafx-sdk-18\bin\vcruntime140.dll
0x00007ffe60380000 - 0x00007ffe6038c000 	C:\Users\jeffr\Downloads\openjfx-18_windows-x64_bin-sdk\javafx-sdk-18\bin\vcruntime140_1.dll
0x00007ffe45320000 - 0x00007ffe453ad000 	C:\Users\jeffr\Downloads\openjfx-18_windows-x64_bin-sdk\javafx-sdk-18\bin\msvcp140.dll
0x00007ffe5cf80000 - 0x00007ffe5cfac000 	C:\Users\jeffr\Downloads\openjfx-18_windows-x64_bin-sdk\javafx-sdk-18\bin\prism_d3d.dll
0x00007ffe73ff0000 - 0x00007ffe741bf000 	C:\WINDOWS\system32\d3d9.dll
0x00007ffe7ba60000 - 0x00007ffe7ba8f000 	C:\WINDOWS\SYSTEM32\dwmapi.dll
0x00007ffe7b850000 - 0x00007ffe7b8ee000 	C:\WINDOWS\system32\uxtheme.dll
0x00007ffe6f5e0000 - 0x00007ffe6f6e6000 	C:\WINDOWS\System32\DriverStore\FileRepository\nv_dispi.inf_amd64_c0e159863e7afdde\nvldumdx.dll
0x00007ffe7dd90000 - 0x00007ffe7dda2000 	C:\WINDOWS\SYSTEM32\msasn1.dll
0x00007ffe77070000 - 0x00007ffe770a1000 	C:\WINDOWS\SYSTEM32\cryptnet.dll
0x00007ffe7ec50000 - 0x00007ffe7eda6000 	C:\WINDOWS\System32\CRYPT32.dll
0x00007ffe76f20000 - 0x00007ffe77068000 	C:\WINDOWS\SYSTEM32\drvstore.dll
0x00007ffe7e380000 - 0x00007ffe7e3ac000 	C:\WINDOWS\SYSTEM32\devobj.dll
0x00007ffe7ee90000 - 0x00007ffe7eede000 	C:\WINDOWS\System32\cfgmgr32.dll
0x00007ffe7d790000 - 0x00007ffe7d79c000 	C:\WINDOWS\SYSTEM32\cryptbase.dll
0x00007ffe7e6d0000 - 0x00007ffe7e738000 	C:\WINDOWS\System32\WINTRUST.DLL
0x00007ffe80220000 - 0x00007ffe8023d000 	C:\WINDOWS\System32\imagehlp.dll
0x00007ffe7e360000 - 0x00007ffe7e378000 	C:\WINDOWS\SYSTEM32\CRYPTSP.dll
0x00007ffe7cff0000 - 0x00007ffe7d024000 	C:\WINDOWS\system32\rsaenh.dll
0x00007ffe7eee0000 - 0x00007ffe7ef07000 	C:\WINDOWS\System32\bcrypt.dll
0x00007ffddfcb0000 - 0x00007ffde1438000 	C:\WINDOWS\System32\DriverStore\FileRepository\nv_dispi.inf_amd64_c0e159863e7afdde\nvd3dumx.dll
0x00007ffe5c480000 - 0x00007ffe5c4c2000 	C:\Users\jeffr\Downloads\openjfx-18_windows-x64_bin-sdk\javafx-sdk-18\bin\glass.dll
0x00007ffe80140000 - 0x00007ffe8021b000 	C:\WINDOWS\System32\COMDLG32.dll
0x00007ffe7f970000 - 0x00007ffe7fa9a000 	C:\WINDOWS\System32\ole32.dll
0x00007ffe80800000 - 0x00007ffe808cd000 	C:\WINDOWS\System32\OLEAUT32.dll
0x00007ffe80400000 - 0x00007ffe80515000 	C:\WINDOWS\System32\MSCTF.dll
0x00007ffe1ac80000 - 0x00007ffe1af47000 	C:\WINDOWS\system32\nvspcap64.dll
0x00007ffe7e320000 - 0x00007ffe7e353000 	C:\WINDOWS\SYSTEM32\ntmarta.dll
0x00007ffe7c870000 - 0x00007ffe7c893000 	C:\WINDOWS\SYSTEM32\gpapi.dll
0x00007ffe6f9f0000 - 0x00007ffe6fa2b000 	C:\WINDOWS\SYSTEM32\dxcore.dll
0x00007ffe5b520000 - 0x00007ffe5b534000 	C:\Users\jeffr\Downloads\openjfx-18_windows-x64_bin-sdk\javafx-sdk-18\bin\javafx_font.dll
0x00007ffe5efd0000 - 0x00007ffe5f24f000 	C:\WINDOWS\SYSTEM32\dwrite.dll
0x00007ffe7ffb0000 - 0x00007ffe80059000 	C:\WINDOWS\System32\clbcatq.dll
0x00007ffe73e30000 - 0x00007ffe73fe4000 	C:\WINDOWS\SYSTEM32\WindowsCodecs.dll
0x00007ffe53860000 - 0x00007ffe5389e000 	C:\WINDOWS\system32\dataexchange.dll
0x00007ffe799b0000 - 0x00007ffe79c14000 	C:\WINDOWS\system32\d3d11.dll
0x00007ffe7a320000 - 0x00007ffe7a505000 	C:\WINDOWS\system32\dcomp.dll
0x00007ffe7c9c0000 - 0x00007ffe7cab3000 	C:\WINDOWS\system32\dxgi.dll
0x00007ffe74360000 - 0x00007ffe74561000 	C:\WINDOWS\system32\twinapi.appcore.dll
0x00007ffe5b040000 - 0x00007ffe5b074000 	C:\Program Files\Common Files\Microsoft Shared\Ink\rtscom.dll
0x00007ffe6fa30000 - 0x00007ffe6fb29000 	C:\WINDOWS\SYSTEM32\textinputframework.dll
0x00007ffe7a890000 - 0x00007ffe7abee000 	C:\WINDOWS\System32\CoreUIComponents.dll

dbghelp: loaded successfully - version: 4.0.5 - missing functions: none
symbol engine: initialized successfully - sym options: 0x614 - pdb path: .;C:\Program Files (x86)\eclipse\plugins\org.eclipse.justj.openjdk.hotspot.jre.full.win32.x86_64_17.0.1.v20211116-1657\jre\bin;C:\WINDOWS\SYSTEM32;C:\WINDOWS\WinSxS\amd64_microsoft.windows.common-controls_6595b64144ccf1df_6.0.19041.1110_none_60b5254171f9507e;C:\Program Files (x86)\eclipse\plugins\org.eclipse.justj.openjdk.hotspot.jre.full.win32.x86_64_17.0.1.v20211116-1657\jre\bin\server;C:\Users\jeffr\Downloads\openjfx-18_windows-x64_bin-sdk\javafx-sdk-18\bin;C:\WINDOWS\System32\DriverStore\FileRepository\nv_dispi.inf_amd64_c0e159863e7afdde;C:\Program Files\Common Files\Microsoft Shared\Ink;C:\Program Files\MATLAB\R2020a\bin\win64;C:\Program Files\MATLAB\R2020a\bin\win64\cppmicroservices_compendium\foundation\cppmicroservices\declarativeservicesimpl;C:\Program Files\MATLAB\R2020a\bin\win64\cppmicroservices_compendium\foundation\cppmicroservices\logserviceimpl

VM Arguments:
jvm_args: --module-path=C:\Users\jeffr\Downloads\openjfx-18_windows-x64_bin-sdk\javafx-sdk-18\lib --add-modules=javafx.controls,javafx.fxml -Dfile.encoding=Cp1252 -XX:+ShowCodeDetailsInExceptionMessages 
java_command: Main
java_class_path (initial): C:\Users\jeffr\Documents\2022_Spring\CS2334\CoffeeCAD\bin;C:\Users\jeffr\Documents\2022_Spring\CS2334\CoffeeCAD\lib\engine.jar;C:\Users\jeffr\Downloads\openjfx-11_windows-x64_bin-sdk\javafx-sdk-11\lib\javafx.base.jar;C:\Users\jeffr\Downloads\openjfx-11_windows-x64_bin-sdk\javafx-sdk-11\lib\javafx.controls.jar;C:\Users\jeffr\Downloads\openjfx-11_windows-x64_bin-sdk\javafx-sdk-11\lib\javafx.fxml.jar;C:\Users\jeffr\Downloads\openjfx-11_windows-x64_bin-sdk\javafx-sdk-11\lib\javafx.graphics.jar;C:\Users\jeffr\Downloads\openjfx-11_windows-x64_bin-sdk\javafx-sdk-11\lib\javafx.media.jar;C:\Users\jeffr\Downloads\openjfx-11_windows-x64_bin-sdk\javafx-sdk-11\lib\javafx.swing.jar;C:\Users\jeffr\Downloads\openjfx-11_windows-x64_bin-sdk\javafx-sdk-11\lib\javafx.web.jar;C:\Users\jeffr\Downloads\openjfx-11_windows-x64_bin-sdk\javafx-sdk-11\lib\javafx-swt.jar
Launcher Type: SUN_STANDARD

[Global flags]
     intx CICompilerCount                          = 12                                        {product} {ergonomic}
     uint ConcGCThreads                            = 3                                         {product} {ergonomic}
     uint G1ConcRefinementThreads                  = 13                                        {product} {ergonomic}
   size_t G1HeapRegionSize                         = 2097152                                   {product} {ergonomic}
    uintx GCDrainStackTargetSize                   = 64                                        {product} {ergonomic}
   size_t InitialHeapSize                          = 268435456                                 {product} {ergonomic}
   size_t MarkStackSize                            = 4194304                                   {product} {ergonomic}
   size_t MaxHeapSize                              = 4282384384                                {product} {ergonomic}
   size_t MaxNewSize                               = 2569011200                                {product} {ergonomic}
   size_t MinHeapDeltaBytes                        = 2097152                                   {product} {ergonomic}
   size_t MinHeapSize                              = 8388608                                   {product} {ergonomic}
    uintx NonNMethodCodeHeapSize                   = 7602480                                {pd product} {ergonomic}
    uintx NonProfiledCodeHeapSize                  = 122027880                              {pd product} {ergonomic}
    uintx ProfiledCodeHeapSize                     = 122027880                              {pd product} {ergonomic}
    uintx ReservedCodeCacheSize                    = 251658240                              {pd product} {ergonomic}
     bool SegmentedCodeCache                       = true                                      {product} {ergonomic}
     bool ShowCodeDetailsInExceptionMessages       = true                                   {manageable} {command line}
   size_t SoftMaxHeapSize                          = 4282384384                             {manageable} {ergonomic}
     bool UseCompressedClassPointers               = true                           {product lp64_product} {ergonomic}
     bool UseCompressedOops                        = true                           {product lp64_product} {ergonomic}
     bool UseG1GC                                  = true                                      {product} {ergonomic}
     bool UseLargePagesIndividualAllocation        = false                                  {pd product} {ergonomic}

Logging:
Log output configuration:
 #0: stdout all=warning uptime,level,tags
 #1: stderr all=off uptime,level,tags

Environment Variables:
PATH=C:/Program Files (x86)/eclipse//plugins/org.eclipse.justj.openjdk.hotspot.jre.full.win32.x86_64_17.0.1.v20211116-1657/jre/bin/server;C:/Program Files (x86)/eclipse//plugins/org.eclipse.justj.openjdk.hotspot.jre.full.win32.x86_64_17.0.1.v20211116-1657/jre/bin;C:\Program Files\Eclipse Adoptium\jdk-8.0.322.6-hotspot\bin;C:\Program Files (x86)\Common Files\Oracle\Java\javapath;C:\Program Files\Eclipse Adoptium\jdk-11.0.14.9-hotspot\bin;C:\Program Files (x86)\NVIDIA Corporation\PhysX\Common;C:\Program Files\Oculus\Support\oculus-runtime;C:\WINDOWS\system32;C:\WINDOWS;C:\WINDOWS\System32\Wbem;C:\WINDOWS\System32\WindowsPowerShell\v1.0\;C:\WINDOWS\System32\OpenSSH\;C:\Program Files\NVIDIA Corporation\NVIDIA NvDLISR;C:\Program Files\MATLAB\R2020a\runtime\win64;C:\Program Files\MATLAB\R2020a\bin;C:\Program Files\Microsoft SQL Server\Client SDK\ODBC\110\Tools\Binn\;C:\Program Files (x86)\Microsoft SQL Server\120\Tools\Binn\;C:\Program Files\Microsoft SQL Server\120\Tools\Binn\;C:\Program Files\Microsoft SQL Server\120\DTS\Binn\;C:\Program Files (x86)\Windows Kits\8.1\Windows Performance Toolkit\;C:\WINDOWS\system32;C:\WINDOWS;C:\WINDOWS\System32\Wbem;C:\WINDOWS\System32\WindowsPowerShell\v1.0\;C:\WINDOWS\System32\OpenSSH\;C:\Program Files\Git\cmd;C:\Program Files\MATLAB\MATLAB Runtime\v98\runtime\win64;C:\Program Files\MATLAB\R2020a\bin\win64;C:\Users\jeffr\AppData\Local\Microsoft\WindowsApps;C:\Program Files (x86)\FAHClient;;C:\Program Files (x86)\eclipse;
USERNAME=jeffr
OS=Windows_NT
PROCESSOR_IDENTIFIER=AMD64 Family 23 Model 113 Stepping 0, AuthenticAMD



---------------  S Y S T E M  ---------------

OS:
 Windows 10 , 64 bit Build 19041 (10.0.19041.1645)
OS uptime: 6 days 5:09 hours

CPU: total 16 (initial active 16) (16 cores per cpu, 2 threads per core) family 23 model 113 stepping 0 microcode 0x0, cx8, cmov, fxsr, ht, mmx, 3dnowpref, sse, sse2, sse3, ssse3, sse4a, sse4.1, sse4.2, popcnt, lzcnt, tsc, tscinvbit, avx, avx2, aes, clmul, bmi1, bmi2, adx, sha, fma, vzeroupper, clflush, clflushopt

Memory: 4k page, system-wide physical 16328M (5908M free)
TotalPageFile size 22373M (AvailPageFile size 3475M)
current process WorkingSet (physical memory assigned to process): 179M, peak: 203M
current process commit charge ("private bytes"): 477M, peak: 502M

vm_info: OpenJDK 64-Bit Server VM (17.0.1+12) for windows-amd64 JRE (17.0.1+12), built on Oct 20 2021 07:42:55 by "" with MS VC++ 16.7 (VS2019)

END.
